[0.929s] DEBUG:colcon:Command line arguments: ['/usr/bin/colcon', 'build']
[0.930s] DEBUG:colcon:Parsed command line arguments: Namespace(log_base=None, log_level=None, verb_name='build', build_base='build', install_base='install', merge_install=False, symlink_install=False, test_result_base=None, continue_on_error=False, executor='parallel', parallel_workers=4, event_handlers=None, ignore_user_meta=False, metas=['./colcon.meta'], base_paths=['.'], packages_ignore=None, packages_ignore_regex=None, paths=None, packages_up_to=None, packages_up_to_regex=None, packages_above=None, packages_above_and_dependencies=None, packages_above_depth=None, packages_select_by_dep=None, packages_skip_by_dep=None, packages_skip_up_to=None, packages_select_build_failed=False, packages_skip_build_finished=False, packages_select_test_failures=False, packages_skip_test_passed=False, packages_select=None, packages_skip=None, packages_select_regex=None, packages_skip_regex=None, packages_start=None, packages_end=None, allow_overriding=[], cmake_args=None, cmake_target=None, cmake_target_skip_unavailable=False, cmake_clean_cache=False, cmake_clean_first=False, cmake_force_configure=False, ament_cmake_args=None, catkin_cmake_args=None, catkin_skip_building_tests=False, mixin_files=None, mixin=None, verb_parser=<colcon_mixin.mixin.mixin_argument.MixinArgumentDecorator object at 0x74aa3cc807f0>, verb_extension=<colcon_core.verb.build.BuildVerb object at 0x74aa3cd94e50>, main=<bound method BuildVerb.main of <colcon_core.verb.build.BuildVerb object at 0x74aa3cd94e50>>, mixin_verb=('build',))
[1.238s] Level 1:colcon.colcon_core.package_discovery:discover_packages(colcon_meta) check parameters
[1.238s] Level 1:colcon.colcon_core.package_discovery:discover_packages(recursive) check parameters
[1.238s] Level 1:colcon.colcon_core.package_discovery:discover_packages(ignore) check parameters
[1.238s] Level 1:colcon.colcon_core.package_discovery:discover_packages(path) check parameters
[1.238s] Level 1:colcon.colcon_core.package_discovery:discover_packages(colcon_meta) discover
[1.238s] Level 1:colcon.colcon_core.package_discovery:discover_packages(recursive) discover
[1.238s] INFO:colcon.colcon_core.package_discovery:Crawling recursively for packages in '/home/sally/doingthis_again'
[1.238s] Level 1:colcon.colcon_core.package_identification:_identify(.) by extensions ['ignore', 'ignore_ament_install']
[1.238s] Level 1:colcon.colcon_core.package_identification:_identify(.) by extension 'ignore'
[1.238s] Level 1:colcon.colcon_core.package_identification:_identify(.) by extension 'ignore_ament_install'
[1.239s] Level 1:colcon.colcon_core.package_identification:_identify(.) by extensions ['colcon_pkg']
[1.239s] Level 1:colcon.colcon_core.package_identification:_identify(.) by extension 'colcon_pkg'
[1.239s] Level 1:colcon.colcon_core.package_identification:_identify(.) by extensions ['colcon_meta']
[1.239s] Level 1:colcon.colcon_core.package_identification:_identify(.) by extension 'colcon_meta'
[1.239s] Level 1:colcon.colcon_core.package_identification:_identify(.) by extensions ['ros']
[1.239s] Level 1:colcon.colcon_core.package_identification:_identify(.) by extension 'ros'
[1.254s] Level 1:colcon.colcon_core.package_identification:_identify(.) by extensions ['cmake', 'python']
[1.254s] Level 1:colcon.colcon_core.package_identification:_identify(.) by extension 'cmake'
[1.254s] Level 1:colcon.colcon_core.package_identification:_identify(.) by extension 'python'
[1.255s] Level 1:colcon.colcon_core.package_identification:_identify(.) by extensions ['python_setup_py']
[1.255s] Level 1:colcon.colcon_core.package_identification:_identify(.) by extension 'python_setup_py'
[1.255s] Level 1:colcon.colcon_core.package_identification:_identify(build) by extensions ['ignore', 'ignore_ament_install']
[1.255s] Level 1:colcon.colcon_core.package_identification:_identify(build) by extension 'ignore'
[1.255s] Level 1:colcon.colcon_core.package_identification:_identify(build) ignored
[1.255s] Level 1:colcon.colcon_core.package_identification:_identify(install) by extensions ['ignore', 'ignore_ament_install']
[1.255s] Level 1:colcon.colcon_core.package_identification:_identify(install) by extension 'ignore'
[1.255s] Level 1:colcon.colcon_core.package_identification:_identify(install) ignored
[1.255s] Level 1:colcon.colcon_core.package_identification:_identify(log) by extensions ['ignore', 'ignore_ament_install']
[1.255s] Level 1:colcon.colcon_core.package_identification:_identify(log) by extension 'ignore'
[1.256s] Level 1:colcon.colcon_core.package_identification:_identify(log) ignored
[1.256s] Level 1:colcon.colcon_core.package_identification:_identify(src) by extensions ['ignore', 'ignore_ament_install']
[1.256s] Level 1:colcon.colcon_core.package_identification:_identify(src) by extension 'ignore'
[1.256s] Level 1:colcon.colcon_core.package_identification:_identify(src) by extension 'ignore_ament_install'
[1.256s] Level 1:colcon.colcon_core.package_identification:_identify(src) by extensions ['colcon_pkg']
[1.256s] Level 1:colcon.colcon_core.package_identification:_identify(src) by extension 'colcon_pkg'
[1.256s] Level 1:colcon.colcon_core.package_identification:_identify(src) by extensions ['colcon_meta']
[1.256s] Level 1:colcon.colcon_core.package_identification:_identify(src) by extension 'colcon_meta'
[1.256s] Level 1:colcon.colcon_core.package_identification:_identify(src) by extensions ['ros']
[1.256s] Level 1:colcon.colcon_core.package_identification:_identify(src) by extension 'ros'
[1.256s] Level 1:colcon.colcon_core.package_identification:_identify(src) by extensions ['cmake', 'python']
[1.256s] Level 1:colcon.colcon_core.package_identification:_identify(src) by extension 'cmake'
[1.256s] Level 1:colcon.colcon_core.package_identification:_identify(src) by extension 'python'
[1.256s] Level 1:colcon.colcon_core.package_identification:_identify(src) by extensions ['python_setup_py']
[1.256s] Level 1:colcon.colcon_core.package_identification:_identify(src) by extension 'python_setup_py'
[1.257s] Level 1:colcon.colcon_core.package_identification:_identify(src/arm_description) by extensions ['ignore', 'ignore_ament_install']
[1.257s] Level 1:colcon.colcon_core.package_identification:_identify(src/arm_description) by extension 'ignore'
[1.257s] Level 1:colcon.colcon_core.package_identification:_identify(src/arm_description) by extension 'ignore_ament_install'
[1.257s] Level 1:colcon.colcon_core.package_identification:_identify(src/arm_description) by extensions ['colcon_pkg']
[1.257s] Level 1:colcon.colcon_core.package_identification:_identify(src/arm_description) by extension 'colcon_pkg'
[1.257s] Level 1:colcon.colcon_core.package_identification:_identify(src/arm_description) by extensions ['colcon_meta']
[1.257s] Level 1:colcon.colcon_core.package_identification:_identify(src/arm_description) by extension 'colcon_meta'
[1.257s] Level 1:colcon.colcon_core.package_identification:_identify(src/arm_description) by extensions ['ros']
[1.257s] Level 1:colcon.colcon_core.package_identification:_identify(src/arm_description) by extension 'ros'
[1.260s] DEBUG:colcon.colcon_core.package_identification:Package 'src/arm_description' with type 'ros.ament_cmake' and name 'arm_description'
[1.260s] Level 1:colcon.colcon_core.package_discovery:discover_packages(recursive) using defaults
[1.260s] Level 1:colcon.colcon_core.package_discovery:discover_packages(ignore) discover
[1.260s] Level 1:colcon.colcon_core.package_discovery:discover_packages(ignore) using defaults
[1.260s] Level 1:colcon.colcon_core.package_discovery:discover_packages(path) discover
[1.260s] Level 1:colcon.colcon_core.package_discovery:discover_packages(path) using defaults
[1.311s] Level 1:colcon.colcon_core.package_discovery:discover_packages(prefix_path) check parameters
[1.311s] Level 1:colcon.colcon_core.package_discovery:discover_packages(prefix_path) discover
[1.366s] DEBUG:colcon.colcon_installed_package_information.package_discovery:Found 387 installed packages in /opt/ros/humble
[1.371s] Level 1:colcon.colcon_core.package_discovery:discover_packages(prefix_path) using defaults
[1.494s] Level 5:colcon.colcon_core.verb:set package 'arm_description' build argument 'cmake_args' from command line to 'None'
[1.495s] Level 5:colcon.colcon_core.verb:set package 'arm_description' build argument 'cmake_target' from command line to 'None'
[1.495s] Level 5:colcon.colcon_core.verb:set package 'arm_description' build argument 'cmake_target_skip_unavailable' from command line to 'False'
[1.495s] Level 5:colcon.colcon_core.verb:set package 'arm_description' build argument 'cmake_clean_cache' from command line to 'False'
[1.495s] Level 5:colcon.colcon_core.verb:set package 'arm_description' build argument 'cmake_clean_first' from command line to 'False'
[1.495s] Level 5:colcon.colcon_core.verb:set package 'arm_description' build argument 'cmake_force_configure' from command line to 'False'
[1.495s] Level 5:colcon.colcon_core.verb:set package 'arm_description' build argument 'ament_cmake_args' from command line to 'None'
[1.495s] Level 5:colcon.colcon_core.verb:set package 'arm_description' build argument 'catkin_cmake_args' from command line to 'None'
[1.495s] Level 5:colcon.colcon_core.verb:set package 'arm_description' build argument 'catkin_skip_building_tests' from command line to 'False'
[1.495s] DEBUG:colcon.colcon_core.verb:Building package 'arm_description' with the following arguments: {'ament_cmake_args': None, 'build_base': '/home/sally/doingthis_again/build/arm_description', 'catkin_cmake_args': None, 'catkin_skip_building_tests': False, 'cmake_args': None, 'cmake_clean_cache': False, 'cmake_clean_first': False, 'cmake_force_configure': False, 'cmake_target': None, 'cmake_target_skip_unavailable': False, 'install_base': '/home/sally/doingthis_again/install/arm_description', 'merge_install': False, 'path': '/home/sally/doingthis_again/src/arm_description', 'symlink_install': False, 'test_result_base': None}
[1.495s] INFO:colcon.colcon_core.executor:Executing jobs using 'parallel' executor
[1.497s] DEBUG:colcon.colcon_parallel_executor.executor.parallel:run_until_complete
[1.497s] INFO:colcon.colcon_ros.task.ament_cmake.build:Building ROS package in '/home/sally/doingthis_again/src/arm_description' with build type 'ament_cmake'
[1.497s] INFO:colcon.colcon_cmake.task.cmake.build:Building CMake package in '/home/sally/doingthis_again/src/arm_description'
[1.541s] INFO:colcon.colcon_core.plugin_system:Skipping extension 'colcon_core.shell.bat': Not used on non-Windows systems
[1.541s] INFO:colcon.colcon_core.shell:Skip shell extension 'powershell' for command environment: Not usable outside of PowerShell
[1.541s] DEBUG:colcon.colcon_core.shell:Skip shell extension 'dsv' for command environment
[1.569s] DEBUG:colcon.colcon_core.event_handler.log_command:Invoking command in '/home/sally/doingthis_again/build/arm_description': CMAKE_PREFIX_PATH=/opt/ros/humble /usr/bin/cmake /home/sally/doingthis_again/src/arm_description -DCMAKE_INSTALL_PREFIX=/home/sally/doingthis_again/install/arm_description
[6.478s] DEBUG:colcon.colcon_core.event_handler.log_command:Invoked command in '/home/sally/doingthis_again/build/arm_description' returned '0': CMAKE_PREFIX_PATH=/opt/ros/humble /usr/bin/cmake /home/sally/doingthis_again/src/arm_description -DCMAKE_INSTALL_PREFIX=/home/sally/doingthis_again/install/arm_description
[6.484s] DEBUG:colcon.colcon_core.event_handler.log_command:Invoking command in '/home/sally/doingthis_again/build/arm_description': CMAKE_PREFIX_PATH=/opt/ros/humble /usr/bin/cmake --build /home/sally/doingthis_again/build/arm_description -- -j4 -l4
[6.534s] DEBUG:colcon.colcon_core.event_handler.log_command:Invoked command in '/home/sally/doingthis_again/build/arm_description' returned '0': CMAKE_PREFIX_PATH=/opt/ros/humble /usr/bin/cmake --build /home/sally/doingthis_again/build/arm_description -- -j4 -l4
[6.577s] DEBUG:colcon.colcon_core.event_handler.log_command:Invoking command in '/home/sally/doingthis_again/build/arm_description': CMAKE_PREFIX_PATH=/opt/ros/humble /usr/bin/cmake --install /home/sally/doingthis_again/build/arm_description
[6.617s] Level 1:colcon.colcon_core.environment:create_environment_scripts_only(arm_description)
[6.617s] DEBUG:colcon.colcon_core.event_handler.log_command:Invoked command in '/home/sally/doingthis_again/build/arm_description' returned '0': CMAKE_PREFIX_PATH=/opt/ros/humble /usr/bin/cmake --install /home/sally/doingthis_again/build/arm_description
[6.699s] Level 1:colcon.colcon_core.environment:checking '/home/sally/doingthis_again/install/arm_description' for CMake module files
[6.702s] Level 1:colcon.colcon_core.environment:checking '/home/sally/doingthis_again/install/arm_description' for CMake config files
[6.703s] Level 1:colcon.colcon_core.shell:create_environment_hook('arm_description', 'cmake_prefix_path')
[6.704s] INFO:colcon.colcon_core.shell:Creating environment hook '/home/sally/doingthis_again/install/arm_description/share/arm_description/hook/cmake_prefix_path.ps1'
[6.724s] INFO:colcon.colcon_core.shell:Creating environment descriptor '/home/sally/doingthis_again/install/arm_description/share/arm_description/hook/cmake_prefix_path.dsv'
[6.741s] INFO:colcon.colcon_core.shell:Creating environment hook '/home/sally/doingthis_again/install/arm_description/share/arm_description/hook/cmake_prefix_path.sh'
[6.744s] Level 1:colcon.colcon_core.environment:checking '/home/sally/doingthis_again/install/arm_description/bin'
[6.745s] Level 1:colcon.colcon_core.environment:checking '/home/sally/doingthis_again/install/arm_description/lib/pkgconfig/arm_description.pc'
[6.745s] Level 1:colcon.colcon_core.environment:checking '/home/sally/doingthis_again/install/arm_description/lib/python3.10/site-packages'
[6.746s] Level 1:colcon.colcon_core.environment:checking '/home/sally/doingthis_again/install/arm_description/bin'
[6.747s] INFO:colcon.colcon_core.shell:Creating package script '/home/sally/doingthis_again/install/arm_description/share/arm_description/package.ps1'
[6.750s] INFO:colcon.colcon_core.shell:Creating package descriptor '/home/sally/doingthis_again/install/arm_description/share/arm_description/package.dsv'
[6.752s] INFO:colcon.colcon_core.shell:Creating package script '/home/sally/doingthis_again/install/arm_description/share/arm_description/package.sh'
[6.755s] INFO:colcon.colcon_core.shell:Creating package script '/home/sally/doingthis_again/install/arm_description/share/arm_description/package.bash'
[6.770s] INFO:colcon.colcon_core.shell:Creating package script '/home/sally/doingthis_again/install/arm_description/share/arm_description/package.zsh'
[6.782s] Level 1:colcon.colcon_core.environment:create_file_with_runtime_dependencies(/home/sally/doingthis_again/install/arm_description/share/colcon-core/packages/arm_description)
[6.815s] Level 1:colcon.colcon_core.environment:create_environment_scripts_only(arm_description)
[6.815s] Level 1:colcon.colcon_core.environment:checking '/home/sally/doingthis_again/install/arm_description' for CMake module files
[6.816s] Level 1:colcon.colcon_core.environment:checking '/home/sally/doingthis_again/install/arm_description' for CMake config files
[6.817s] Level 1:colcon.colcon_core.shell:create_environment_hook('arm_description', 'cmake_prefix_path')
[6.817s] INFO:colcon.colcon_core.shell:Creating environment hook '/home/sally/doingthis_again/install/arm_description/share/arm_description/hook/cmake_prefix_path.ps1'
[6.817s] INFO:colcon.colcon_core.shell:Creating environment descriptor '/home/sally/doingthis_again/install/arm_description/share/arm_description/hook/cmake_prefix_path.dsv'
[6.818s] INFO:colcon.colcon_core.shell:Creating environment hook '/home/sally/doingthis_again/install/arm_description/share/arm_description/hook/cmake_prefix_path.sh'
[6.819s] Level 1:colcon.colcon_core.environment:checking '/home/sally/doingthis_again/install/arm_description/bin'
[6.819s] Level 1:colcon.colcon_core.environment:checking '/home/sally/doingthis_again/install/arm_description/lib/pkgconfig/arm_description.pc'
[6.819s] Level 1:colcon.colcon_core.environment:checking '/home/sally/doingthis_again/install/arm_description/lib/python3.10/site-packages'
[6.819s] Level 1:colcon.colcon_core.environment:checking '/home/sally/doingthis_again/install/arm_description/bin'
[6.820s] INFO:colcon.colcon_core.shell:Creating package script '/home/sally/doingthis_again/install/arm_description/share/arm_description/package.ps1'
[6.820s] INFO:colcon.colcon_core.shell:Creating package descriptor '/home/sally/doingthis_again/install/arm_description/share/arm_description/package.dsv'
[6.821s] INFO:colcon.colcon_core.shell:Creating package script '/home/sally/doingthis_again/install/arm_description/share/arm_description/package.sh'
[6.822s] INFO:colcon.colcon_core.shell:Creating package script '/home/sally/doingthis_again/install/arm_description/share/arm_description/package.bash'
[6.822s] INFO:colcon.colcon_core.shell:Creating package script '/home/sally/doingthis_again/install/arm_description/share/arm_description/package.zsh'
[6.823s] Level 1:colcon.colcon_core.environment:create_file_with_runtime_dependencies(/home/sally/doingthis_again/install/arm_description/share/colcon-core/packages/arm_description)
[6.823s] DEBUG:colcon.colcon_parallel_executor.executor.parallel:closing loop
[6.823s] DEBUG:colcon.colcon_parallel_executor.executor.parallel:loop closed
[6.823s] DEBUG:colcon.colcon_parallel_executor.executor.parallel:run_until_complete finished with '0'
[6.823s] DEBUG:colcon.colcon_core.event_reactor:joining thread
[6.853s] INFO:colcon.colcon_core.plugin_system:Skipping extension 'colcon_notification.desktop_notification.terminal_notifier': Not used on non-Darwin systems
[6.854s] INFO:colcon.colcon_core.plugin_system:Skipping extension 'colcon_notification.desktop_notification.win32': Not used on non-Windows systems
[6.854s] INFO:colcon.colcon_notification.desktop_notification:Sending desktop notification using 'notify2'
[6.880s] DEBUG:colcon.colcon_core.event_reactor:joined thread
[6.880s] INFO:colcon.colcon_core.shell:Creating prefix script '/home/sally/doingthis_again/install/local_setup.ps1'
[6.883s] INFO:colcon.colcon_core.shell:Creating prefix util module '/home/sally/doingthis_again/install/_local_setup_util_ps1.py'
[6.910s] INFO:colcon.colcon_core.shell:Creating prefix chain script '/home/sally/doingthis_again/install/setup.ps1'
[6.912s] INFO:colcon.colcon_core.shell:Creating prefix script '/home/sally/doingthis_again/install/local_setup.sh'
[6.913s] INFO:colcon.colcon_core.shell:Creating prefix util module '/home/sally/doingthis_again/install/_local_setup_util_sh.py'
[6.914s] INFO:colcon.colcon_core.shell:Creating prefix chain script '/home/sally/doingthis_again/install/setup.sh'
[6.916s] INFO:colcon.colcon_core.shell:Creating prefix script '/home/sally/doingthis_again/install/local_setup.bash'
[6.918s] INFO:colcon.colcon_core.shell:Creating prefix chain script '/home/sally/doingthis_again/install/setup.bash'
[6.920s] INFO:colcon.colcon_core.shell:Creating prefix script '/home/sally/doingthis_again/install/local_setup.zsh'
[6.921s] INFO:colcon.colcon_core.shell:Creating prefix chain script '/home/sally/doingthis_again/install/setup.zsh'
