[0.027s] Invoking command in '/home/sally/doingthis_again/build/assembly_controller': CMAKE_PREFIX_PATH=${CMAKE_PREFIX_PATH}:/opt/ros/humble /usr/bin/cmake --build /home/sally/doingthis_again/build/assembly_controller -- -j4 -l4
[0.074s] Invoked command in '/home/sally/doingthis_again/build/assembly_controller' returned '0': CMAKE_PREFIX_PATH=${CMAKE_PREFIX_PATH}:/opt/ros/humble /usr/bin/cmake --build /home/sally/doingthis_again/build/assembly_controller -- -j4 -l4
[0.114s] Invoking command in '/home/sally/doingthis_again/build/assembly_controller': CMAKE_PREFIX_PATH=${CMAKE_PREFIX_PATH}:/opt/ros/humble /usr/bin/cmake --install /home/sally/doingthis_again/build/assembly_controller
[0.125s] -- Install configuration: ""
[0.125s] -- Up-to-date: /home/sally/doingthis_again/install/assembly_controller/share/assembly_controller/config
[0.126s] -- Up-to-date: /home/sally/doingthis_again/install/assembly_controller/share/assembly_controller/config/arm_controllers.yaml
[0.126s] -- Up-to-date: /home/sally/doingthis_again/install/assembly_controller/share/assembly_controller/launch
[0.126s] -- Up-to-date: /home/sally/doingthis_again/install/assembly_controller/share/assembly_controller/launch/robot.launch.py
[0.127s] -- Up-to-date: /home/sally/doingthis_again/install/assembly_controller/share/ament_index/resource_index/package_run_dependencies/assembly_controller
[0.127s] -- Up-to-date: /home/sally/doingthis_again/install/assembly_controller/share/ament_index/resource_index/parent_prefix_path/assembly_controller
[0.127s] -- Up-to-date: /home/sally/doingthis_again/install/assembly_controller/share/assembly_controller/environment/ament_prefix_path.sh
[0.127s] -- Up-to-date: /home/sally/doingthis_again/install/assembly_controller/share/assembly_controller/environment/ament_prefix_path.dsv
[0.127s] -- Up-to-date: /home/sally/doingthis_again/install/assembly_controller/share/assembly_controller/environment/path.sh
[0.128s] -- Up-to-date: /home/sally/doingthis_again/install/assembly_controller/share/assembly_controller/environment/path.dsv
[0.128s] -- Up-to-date: /home/sally/doingthis_again/install/assembly_controller/share/assembly_controller/local_setup.bash
[0.128s] -- Up-to-date: /home/sally/doingthis_again/install/assembly_controller/share/assembly_controller/local_setup.sh
[0.128s] -- Up-to-date: /home/sally/doingthis_again/install/assembly_controller/share/assembly_controller/local_setup.zsh
[0.128s] -- Up-to-date: /home/sally/doingthis_again/install/assembly_controller/share/assembly_controller/local_setup.dsv
[0.128s] -- Installing: /home/sally/doingthis_again/install/assembly_controller/share/assembly_controller/package.dsv
[0.128s] -- Up-to-date: /home/sally/doingthis_again/install/assembly_controller/share/ament_index/resource_index/packages/assembly_controller
[0.129s] -- Up-to-date: /home/sally/doingthis_again/install/assembly_controller/share/assembly_controller/cmake/assembly_controllerConfig.cmake
[0.129s] -- Up-to-date: /home/sally/doingthis_again/install/assembly_controller/share/assembly_controller/cmake/assembly_controllerConfig-version.cmake
[0.129s] -- Up-to-date: /home/sally/doingthis_again/install/assembly_controller/share/assembly_controller/package.xml
[0.135s] Invoked command in '/home/sally/doingthis_again/build/assembly_controller' returned '0': CMAKE_PREFIX_PATH=${CMAKE_PREFIX_PATH}:/opt/ros/humble /usr/bin/cmake --install /home/sally/doingthis_again/build/assembly_controller
