[0.071s] Invoking command in '/home/sally/doingthis_again/build/arm_description': CMAKE_PREFIX_PATH=/opt/ros/humble /usr/bin/cmake /home/sally/doingthis_again/src/arm_description -DCMAKE_INSTALL_PREFIX=/home/sally/doingthis_again/install/arm_description
[1.659s] -- The C compiler identification is GNU 11.4.0
[2.581s] -- The CXX compiler identification is GNU 11.4.0
[2.716s] -- Detecting C compiler ABI info
[3.009s] -- Detecting C compiler ABI info - done
[3.027s] -- Check for working C compiler: /usr/bin/cc - skipped
[3.027s] -- Detecting C compile features
[3.064s] -- Detecting C compile features - done
[3.135s] -- Detecting CXX compiler ABI info
[3.373s] -- Detecting CXX compiler ABI info - done
[3.384s] -- Check for working CXX compiler: /usr/bin/c++ - skipped
[3.385s] -- Detecting CXX compile features
[3.385s] -- Detecting CXX compile features - done
[3.543s] -- Found ament_cmake: 1.3.10 (/opt/ros/humble/share/ament_cmake/cmake)
[3.961s] -- Found Python3: /usr/bin/python3 (found version "3.10.12") found components: Interpreter 
[4.481s] -- Found ament_lint_auto: 0.12.11 (/opt/ros/humble/share/ament_lint_auto/cmake)
[4.903s] -- Added test 'flake8' to check Python code syntax and style conventions
[4.906s] -- Added test 'lint_cmake' to check CMake code style
[4.910s] -- Added test 'pep257' to check Python code against some of the docstring style conventions in PEP 257
[4.922s] -- Added test 'xmllint' to check XML markup files
[4.946s] -- Configuring done
[4.963s] -- Generating done
[4.967s] -- Build files have been written to: /home/sally/doingthis_again/build/arm_description
[4.980s] Invoked command in '/home/sally/doingthis_again/build/arm_description' returned '0': CMAKE_PREFIX_PATH=/opt/ros/humble /usr/bin/cmake /home/sally/doingthis_again/src/arm_description -DCMAKE_INSTALL_PREFIX=/home/sally/doingthis_again/install/arm_description
[4.984s] Invoking command in '/home/sally/doingthis_again/build/arm_description': CMAKE_PREFIX_PATH=/opt/ros/humble /usr/bin/cmake --build /home/sally/doingthis_again/build/arm_description -- -j4 -l4
[5.036s] Invoked command in '/home/sally/doingthis_again/build/arm_description' returned '0': CMAKE_PREFIX_PATH=/opt/ros/humble /usr/bin/cmake --build /home/sally/doingthis_again/build/arm_description -- -j4 -l4
[5.079s] Invoking command in '/home/sally/doingthis_again/build/arm_description': CMAKE_PREFIX_PATH=/opt/ros/humble /usr/bin/cmake --install /home/sally/doingthis_again/build/arm_description
[5.090s] -- Install configuration: ""
[5.090s] -- Installing: /home/sally/doingthis_again/install/arm_description/share/arm_description/meshes
[5.090s] -- Installing: /home/sally/doingthis_again/install/arm_description/share/arm_description/meshes/base_link.stl
[5.094s] -- Installing: /home/sally/doingthis_again/install/arm_description/share/arm_description/meshes/LINK_2.2_X1_v1_1.stl
[5.098s] -- Installing: /home/sally/doingthis_again/install/arm_description/share/arm_description/meshes/Link_1.1_X1_v1_1.stl
[5.102s] -- Installing: /home/sally/doingthis_again/install/arm_description/share/arm_description/meshes/LINK_3.3._X1_v1_1.stl
[5.105s] -- Installing: /home/sally/doingthis_again/install/arm_description/share/arm_description/meshes/GRIPPER_X1_v1_1.stl
[5.106s] -- Installing: /home/sally/doingthis_again/install/arm_description/share/arm_description/meshes/BASE_UPPER_X1_v1_1.stl
[5.112s] -- Installing: /home/sally/doingthis_again/install/arm_description/share/arm_description/urdf
[5.113s] -- Installing: /home/sally/doingthis_again/install/arm_description/share/arm_description/urdf/arm.trans
[5.113s] -- Installing: /home/sally/doingthis_again/install/arm_description/share/arm_description/urdf/materials.xacro
[5.113s] -- Installing: /home/sally/doingthis_again/install/arm_description/share/arm_description/urdf/arm.xacro
[5.113s] -- Installing: /home/sally/doingthis_again/install/arm_description/share/arm_description/launch
[5.114s] -- Installing: /home/sally/doingthis_again/install/arm_description/share/arm_description/launch/robot_description.launch.py
[5.114s] -- Installing: /home/sally/doingthis_again/install/arm_description/share/arm_description/rviz
[5.114s] -- Installing: /home/sally/doingthis_again/install/arm_description/share/ament_index/resource_index/package_run_dependencies/arm_description
[5.114s] -- Installing: /home/sally/doingthis_again/install/arm_description/share/ament_index/resource_index/parent_prefix_path/arm_description
[5.114s] -- Installing: /home/sally/doingthis_again/install/arm_description/share/arm_description/environment/ament_prefix_path.sh
[5.115s] -- Installing: /home/sally/doingthis_again/install/arm_description/share/arm_description/environment/ament_prefix_path.dsv
[5.115s] -- Installing: /home/sally/doingthis_again/install/arm_description/share/arm_description/environment/path.sh
[5.115s] -- Installing: /home/sally/doingthis_again/install/arm_description/share/arm_description/environment/path.dsv
[5.115s] -- Installing: /home/sally/doingthis_again/install/arm_description/share/arm_description/local_setup.bash
[5.115s] -- Installing: /home/sally/doingthis_again/install/arm_description/share/arm_description/local_setup.sh
[5.116s] -- Installing: /home/sally/doingthis_again/install/arm_description/share/arm_description/local_setup.zsh
[5.116s] -- Installing: /home/sally/doingthis_again/install/arm_description/share/arm_description/local_setup.dsv
[5.116s] -- Installing: /home/sally/doingthis_again/install/arm_description/share/arm_description/package.dsv
[5.116s] -- Installing: /home/sally/doingthis_again/install/arm_description/share/ament_index/resource_index/packages/arm_description
[5.116s] -- Installing: /home/sally/doingthis_again/install/arm_description/share/arm_description/cmake/arm_descriptionConfig.cmake
[5.116s] -- Installing: /home/sally/doingthis_again/install/arm_description/share/arm_description/cmake/arm_descriptionConfig-version.cmake
[5.116s] -- Installing: /home/sally/doingthis_again/install/arm_description/share/arm_description/package.xml
[5.119s] Invoked command in '/home/sally/doingthis_again/build/arm_description' returned '0': CMAKE_PREFIX_PATH=/opt/ros/humble /usr/bin/cmake --install /home/sally/doingthis_again/build/arm_description
