-- Install configuration: ""
-- Up-to-date: /home/sally/doingthis_again/install/arm_description/share/arm_description/meshes
-- Up-to-date: /home/sally/doingthis_again/install/arm_description/share/arm_description/meshes/base_link.stl
-- Up-to-date: /home/sally/doingthis_again/install/arm_description/share/arm_description/meshes/LINK_2.2_X1_v1_1.stl
-- Up-to-date: /home/sally/doingthis_again/install/arm_description/share/arm_description/meshes/Link_1.1_X1_v1_1.stl
-- Up-to-date: /home/sally/doingthis_again/install/arm_description/share/arm_description/meshes/LINK_3.3._X1_v1_1.stl
-- Up-to-date: /home/sally/doingthis_again/install/arm_description/share/arm_description/meshes/GRIPPER_X1_v1_1.stl
-- Up-to-date: /home/sally/doingthis_again/install/arm_description/share/arm_description/meshes/BASE_UPPER_X1_v1_1.stl
-- Up-to-date: /home/sally/doingthis_again/install/arm_description/share/arm_description/urdf
-- Installing: /home/sally/doingthis_again/install/arm_description/share/arm_description/urdf/ros2_control_gazebo.xacro
-- Up-to-date: /home/sally/doingthis_again/install/arm_description/share/arm_description/urdf/control_gazebo.xacro
-- Up-to-date: /home/sally/doingthis_again/install/arm_description/share/arm_description/urdf/arm.trans
-- Up-to-date: /home/sally/doingthis_again/install/arm_description/share/arm_description/urdf/materials.xacro
-- Installing: /home/sally/doingthis_again/install/arm_description/share/arm_description/urdf/arm.xacro
-- Up-to-date: /home/sally/doingthis_again/install/arm_description/share/arm_description/launch
-- Up-to-date: /home/sally/doingthis_again/install/arm_description/share/arm_description/launch/simulate_gazebo.launch.py
-- Up-to-date: /home/sally/doingthis_again/install/arm_description/share/arm_description/launch/robot_description.launch.py
-- Up-to-date: /home/sally/doingthis_again/install/arm_description/share/arm_description/rviz
-- Up-to-date: /home/sally/doingthis_again/install/arm_description/share/arm_description/rviz/display.rviz
-- Up-to-date: /home/sally/doingthis_again/install/arm_description/share/ament_index/resource_index/package_run_dependencies/arm_description
-- Up-to-date: /home/sally/doingthis_again/install/arm_description/share/ament_index/resource_index/parent_prefix_path/arm_description
-- Up-to-date: /home/sally/doingthis_again/install/arm_description/share/arm_description/environment/ament_prefix_path.sh
-- Up-to-date: /home/sally/doingthis_again/install/arm_description/share/arm_description/environment/ament_prefix_path.dsv
-- Up-to-date: /home/sally/doingthis_again/install/arm_description/share/arm_description/environment/path.sh
-- Up-to-date: /home/sally/doingthis_again/install/arm_description/share/arm_description/environment/path.dsv
-- Up-to-date: /home/sally/doingthis_again/install/arm_description/share/arm_description/local_setup.bash
-- Up-to-date: /home/sally/doingthis_again/install/arm_description/share/arm_description/local_setup.sh
-- Up-to-date: /home/sally/doingthis_again/install/arm_description/share/arm_description/local_setup.zsh
-- Up-to-date: /home/sally/doingthis_again/install/arm_description/share/arm_description/local_setup.dsv
-- Installing: /home/sally/doingthis_again/install/arm_description/share/arm_description/package.dsv
-- Up-to-date: /home/sally/doingthis_again/install/arm_description/share/ament_index/resource_index/packages/arm_description
-- Up-to-date: /home/sally/doingthis_again/install/arm_description/share/arm_description/cmake/arm_descriptionConfig.cmake
-- Up-to-date: /home/sally/doingthis_again/install/arm_description/share/arm_description/cmake/arm_descriptionConfig-version.cmake
-- Up-to-date: /home/sally/doingthis_again/install/arm_description/share/arm_description/package.xml
