[0.018s] Invoking command in '/home/sally/doingthis_again/build/assembly_controller': CMAKE_PREFIX_PATH=${CMAKE_PREFIX_PATH}:/opt/ros/humble /usr/bin/cmake /home/sally/doingthis_again/src/assembly_controller -DCMAKE_INSTALL_PREFIX=/home/sally/doingthis_again/install/assembly_controller
[0.145s] -- The C compiler identification is GNU 11.4.0
[0.219s] -- The CXX compiler identification is GNU 11.4.0
[0.230s] -- Detecting C compiler ABI info
[0.315s] -- Detecting C compiler ABI info - done
[0.332s] -- Check for working C compiler: /usr/bin/cc - skipped
[0.332s] -- Detecting C compile features
[0.333s] -- Detecting C compile features - done
[0.340s] -- Detecting CXX compiler ABI info
[0.446s] -- Detecting CXX compiler ABI info - done
[0.472s] -- Check for working CXX compiler: /usr/bin/c++ - skipped
[0.473s] -- Detecting CXX compile features
[0.475s] -- Detecting CXX compile features - done
[0.481s] -- Found ament_cmake: 1.3.10 (/opt/ros/humble/share/ament_cmake/cmake)
[0.716s] -- Found Python3: /usr/bin/python3 (found version "3.10.12") found components: Interpreter 
[0.894s] -- Found ament_lint_auto: 0.12.11 (/opt/ros/humble/share/ament_lint_auto/cmake)
[1.010s] -- Added test 'flake8' to check Python code syntax and style conventions
[1.010s] -- Added test 'lint_cmake' to check CMake code style
[1.011s] -- Added test 'pep257' to check Python code against some of the docstring style conventions in PEP 257
[1.013s] -- Added test 'xmllint' to check XML markup files
[1.014s] -- Configuring done
[1.018s] -- Generating done
[1.019s] -- Build files have been written to: /home/sally/doingthis_again/build/assembly_controller
[1.027s] Invoked command in '/home/sally/doingthis_again/build/assembly_controller' returned '0': CMAKE_PREFIX_PATH=${CMAKE_PREFIX_PATH}:/opt/ros/humble /usr/bin/cmake /home/sally/doingthis_again/src/assembly_controller -DCMAKE_INSTALL_PREFIX=/home/sally/doingthis_again/install/assembly_controller
[1.032s] Invoking command in '/home/sally/doingthis_again/build/assembly_controller': CMAKE_PREFIX_PATH=${CMAKE_PREFIX_PATH}:/opt/ros/humble /usr/bin/cmake --build /home/sally/doingthis_again/build/assembly_controller -- -j4 -l4
[1.082s] Invoked command in '/home/sally/doingthis_again/build/assembly_controller' returned '0': CMAKE_PREFIX_PATH=${CMAKE_PREFIX_PATH}:/opt/ros/humble /usr/bin/cmake --build /home/sally/doingthis_again/build/assembly_controller -- -j4 -l4
[1.114s] Invoking command in '/home/sally/doingthis_again/build/assembly_controller': CMAKE_PREFIX_PATH=${CMAKE_PREFIX_PATH}:/opt/ros/humble /usr/bin/cmake --install /home/sally/doingthis_again/build/assembly_controller
[1.126s] -- Install configuration: ""
[1.126s] -- Installing: /home/sally/doingthis_again/install/assembly_controller/share/assembly_controller/config
[1.126s] -- Installing: /home/sally/doingthis_again/install/assembly_controller/share/assembly_controller/config/arm_controllers.yaml
[1.126s] -- Installing: /home/sally/doingthis_again/install/assembly_controller/share/assembly_controller/launch
[1.126s] -- Installing: /home/sally/doingthis_again/install/assembly_controller/share/assembly_controller/launch/robot.launch.py
[1.127s] -- Installing: /home/sally/doingthis_again/install/assembly_controller/share/ament_index/resource_index/package_run_dependencies/assembly_controller
[1.127s] -- Installing: /home/sally/doingthis_again/install/assembly_controller/share/ament_index/resource_index/parent_prefix_path/assembly_controller
[1.127s] -- Installing: /home/sally/doingthis_again/install/assembly_controller/share/assembly_controller/environment/ament_prefix_path.sh
[1.127s] -- Installing: /home/sally/doingthis_again/install/assembly_controller/share/assembly_controller/environment/ament_prefix_path.dsv
[1.128s] -- Installing: /home/sally/doingthis_again/install/assembly_controller/share/assembly_controller/environment/path.sh
[1.128s] -- Installing: /home/sally/doingthis_again/install/assembly_controller/share/assembly_controller/environment/path.dsv
[1.128s] -- Installing: /home/sally/doingthis_again/install/assembly_controller/share/assembly_controller/local_setup.bash
[1.128s] -- Installing: /home/sally/doingthis_again/install/assembly_controller/share/assembly_controller/local_setup.sh
[1.128s] -- Installing: /home/sally/doingthis_again/install/assembly_controller/share/assembly_controller/local_setup.zsh
[1.129s] -- Installing: /home/sally/doingthis_again/install/assembly_controller/share/assembly_controller/local_setup.dsv
[1.129s] -- Installing: /home/sally/doingthis_again/install/assembly_controller/share/assembly_controller/package.dsv
[1.129s] -- Installing: /home/sally/doingthis_again/install/assembly_controller/share/ament_index/resource_index/packages/assembly_controller
[1.129s] -- Installing: /home/sally/doingthis_again/install/assembly_controller/share/assembly_controller/cmake/assembly_controllerConfig.cmake
[1.130s] -- Installing: /home/sally/doingthis_again/install/assembly_controller/share/assembly_controller/cmake/assembly_controllerConfig-version.cmake
[1.130s] -- Installing: /home/sally/doingthis_again/install/assembly_controller/share/assembly_controller/package.xml
[1.137s] Invoked command in '/home/sally/doingthis_again/build/assembly_controller' returned '0': CMAKE_PREFIX_PATH=${CMAKE_PREFIX_PATH}:/opt/ros/humble /usr/bin/cmake --install /home/sally/doingthis_again/build/assembly_controller
