[0.035s] Invoking command in '/home/sally/doingthis_again/build/moveit_assembly': CMAKE_PREFIX_PATH=${CMAKE_PREFIX_PATH}:/opt/ros/humble /usr/bin/cmake --build /home/sally/doingthis_again/build/moveit_assembly -- -j4 -l4
[0.169s] Invoked command in '/home/sally/doingthis_again/build/moveit_assembly' returned '0': CMAKE_PREFIX_PATH=${CMAKE_PREFIX_PATH}:/opt/ros/humble /usr/bin/cmake --build /home/sally/doingthis_again/build/moveit_assembly -- -j4 -l4
[0.272s] Invoking command in '/home/sally/doingthis_again/build/moveit_assembly': CMAKE_PREFIX_PATH=${CMAKE_PREFIX_PATH}:/opt/ros/humble /usr/bin/cmake --install /home/sally/doingthis_again/build/moveit_assembly
[0.313s] -- Install configuration: ""
[0.313s] -- Up-to-date: /home/sally/doingthis_again/install/moveit_assembly/share/moveit_assembly/launch
[0.313s] -- Up-to-date: /home/sally/doingthis_again/install/moveit_assembly/share/moveit_assembly/launch/robot_moveit.launch.py
[0.313s] -- Up-to-date: /home/sally/doingthis_again/install/moveit_assembly/share/moveit_assembly/config
[0.314s] -- Up-to-date: /home/sally/doingthis_again/install/moveit_assembly/share/moveit_assembly/config/moveit.rviz
[0.314s] -- Up-to-date: /home/sally/doingthis_again/install/moveit_assembly/share/moveit_assembly/config/joint_limits.yaml
[0.314s] -- Up-to-date: /home/sally/doingthis_again/install/moveit_assembly/share/moveit_assembly/config/kinematics.yaml
[0.314s] -- Up-to-date: /home/sally/doingthis_again/install/moveit_assembly/share/moveit_assembly/config/moveit_controllers.yaml
[0.314s] -- Up-to-date: /home/sally/doingthis_again/install/moveit_assembly/share/moveit_assembly/config/arm.srdf
[0.314s] -- Up-to-date: /home/sally/doingthis_again/install/moveit_assembly/share/moveit_assembly/config/initial_positions.yaml
[0.314s] -- Up-to-date: /home/sally/doingthis_again/install/moveit_assembly/share/moveit_assembly/config/pilz_cartesian_limits.yaml
[0.314s] -- Up-to-date: /home/sally/doingthis_again/install/moveit_assembly/share/ament_index/resource_index/package_run_dependencies/moveit_assembly
[0.315s] -- Up-to-date: /home/sally/doingthis_again/install/moveit_assembly/share/ament_index/resource_index/parent_prefix_path/moveit_assembly
[0.315s] -- Up-to-date: /home/sally/doingthis_again/install/moveit_assembly/share/moveit_assembly/environment/ament_prefix_path.sh
[0.315s] -- Up-to-date: /home/sally/doingthis_again/install/moveit_assembly/share/moveit_assembly/environment/ament_prefix_path.dsv
[0.315s] -- Up-to-date: /home/sally/doingthis_again/install/moveit_assembly/share/moveit_assembly/environment/path.sh
[0.315s] -- Up-to-date: /home/sally/doingthis_again/install/moveit_assembly/share/moveit_assembly/environment/path.dsv
[0.316s] -- Up-to-date: /home/sally/doingthis_again/install/moveit_assembly/share/moveit_assembly/local_setup.bash
[0.317s] -- Up-to-date: /home/sally/doingthis_again/install/moveit_assembly/share/moveit_assembly/local_setup.sh
[0.318s] -- Up-to-date: /home/sally/doingthis_again/install/moveit_assembly/share/moveit_assembly/local_setup.zsh
[0.321s] -- Up-to-date: /home/sally/doingthis_again/install/moveit_assembly/share/moveit_assembly/local_setup.dsv
[0.321s] -- Installing: /home/sally/doingthis_again/install/moveit_assembly/share/moveit_assembly/package.dsv
[0.321s] -- Up-to-date: /home/sally/doingthis_again/install/moveit_assembly/share/ament_index/resource_index/packages/moveit_assembly
[0.321s] -- Up-to-date: /home/sally/doingthis_again/install/moveit_assembly/share/moveit_assembly/cmake/moveit_assemblyConfig.cmake
[0.321s] -- Up-to-date: /home/sally/doingthis_again/install/moveit_assembly/share/moveit_assembly/cmake/moveit_assemblyConfig-version.cmake
[0.321s] -- Up-to-date: /home/sally/doingthis_again/install/moveit_assembly/share/moveit_assembly/package.xml
[0.344s] Invoked command in '/home/sally/doingthis_again/build/moveit_assembly' returned '0': CMAKE_PREFIX_PATH=${CMAKE_PREFIX_PATH}:/opt/ros/humble /usr/bin/cmake --install /home/sally/doingthis_again/build/moveit_assembly
