[0.166s] DEBUG:colcon:Command line arguments: ['/usr/bin/colcon', 'build']
[0.166s] DEBUG:colcon:Parsed command line arguments: Namespace(log_base=None, log_level=None, verb_name='build', build_base='build', install_base='install', merge_install=False, symlink_install=False, test_result_base=None, continue_on_error=False, executor='parallel', parallel_workers=4, event_handlers=None, ignore_user_meta=False, metas=['./colcon.meta'], base_paths=['.'], packages_ignore=None, packages_ignore_regex=None, paths=None, packages_up_to=None, packages_up_to_regex=None, packages_above=None, packages_above_and_dependencies=None, packages_above_depth=None, packages_select_by_dep=None, packages_skip_by_dep=None, packages_skip_up_to=None, packages_select_build_failed=False, packages_skip_build_finished=False, packages_select_test_failures=False, packages_skip_test_passed=False, packages_select=None, packages_skip=None, packages_select_regex=None, packages_skip_regex=None, packages_start=None, packages_end=None, allow_overriding=[], cmake_args=None, cmake_target=None, cmake_target_skip_unavailable=False, cmake_clean_cache=False, cmake_clean_first=False, cmake_force_configure=False, ament_cmake_args=None, catkin_cmake_args=None, catkin_skip_building_tests=False, mixin_files=None, mixin=None, verb_parser=<colcon_mixin.mixin.mixin_argument.MixinArgumentDecorator object at 0x733723ae47c0>, verb_extension=<colcon_core.verb.build.BuildVerb object at 0x733723c80e20>, main=<bound method BuildVerb.main of <colcon_core.verb.build.BuildVerb object at 0x733723c80e20>>, mixin_verb=('build',))
[0.461s] Level 1:colcon.colcon_core.package_discovery:discover_packages(colcon_meta) check parameters
[0.461s] Level 1:colcon.colcon_core.package_discovery:discover_packages(recursive) check parameters
[0.461s] Level 1:colcon.colcon_core.package_discovery:discover_packages(ignore) check parameters
[0.461s] Level 1:colcon.colcon_core.package_discovery:discover_packages(path) check parameters
[0.461s] Level 1:colcon.colcon_core.package_discovery:discover_packages(colcon_meta) discover
[0.462s] Level 1:colcon.colcon_core.package_discovery:discover_packages(recursive) discover
[0.462s] INFO:colcon.colcon_core.package_discovery:Crawling recursively for packages in '/home/sally/doingthis_again'
[0.462s] Level 1:colcon.colcon_core.package_identification:_identify(.) by extensions ['ignore', 'ignore_ament_install']
[0.462s] Level 1:colcon.colcon_core.package_identification:_identify(.) by extension 'ignore'
[0.462s] Level 1:colcon.colcon_core.package_identification:_identify(.) by extension 'ignore_ament_install'
[0.462s] Level 1:colcon.colcon_core.package_identification:_identify(.) by extensions ['colcon_pkg']
[0.462s] Level 1:colcon.colcon_core.package_identification:_identify(.) by extension 'colcon_pkg'
[0.462s] Level 1:colcon.colcon_core.package_identification:_identify(.) by extensions ['colcon_meta']
[0.462s] Level 1:colcon.colcon_core.package_identification:_identify(.) by extension 'colcon_meta'
[0.462s] Level 1:colcon.colcon_core.package_identification:_identify(.) by extensions ['ros']
[0.462s] Level 1:colcon.colcon_core.package_identification:_identify(.) by extension 'ros'
[0.477s] Level 1:colcon.colcon_core.package_identification:_identify(.) by extensions ['cmake', 'python']
[0.477s] Level 1:colcon.colcon_core.package_identification:_identify(.) by extension 'cmake'
[0.477s] Level 1:colcon.colcon_core.package_identification:_identify(.) by extension 'python'
[0.478s] Level 1:colcon.colcon_core.package_identification:_identify(.) by extensions ['python_setup_py']
[0.478s] Level 1:colcon.colcon_core.package_identification:_identify(.) by extension 'python_setup_py'
[0.478s] Level 1:colcon.colcon_core.package_identification:_identify(build) by extensions ['ignore', 'ignore_ament_install']
[0.478s] Level 1:colcon.colcon_core.package_identification:_identify(build) by extension 'ignore'
[0.478s] Level 1:colcon.colcon_core.package_identification:_identify(build) ignored
[0.478s] Level 1:colcon.colcon_core.package_identification:_identify(install) by extensions ['ignore', 'ignore_ament_install']
[0.478s] Level 1:colcon.colcon_core.package_identification:_identify(install) by extension 'ignore'
[0.478s] Level 1:colcon.colcon_core.package_identification:_identify(install) ignored
[0.478s] Level 1:colcon.colcon_core.package_identification:_identify(log) by extensions ['ignore', 'ignore_ament_install']
[0.479s] Level 1:colcon.colcon_core.package_identification:_identify(log) by extension 'ignore'
[0.479s] Level 1:colcon.colcon_core.package_identification:_identify(log) ignored
[0.479s] Level 1:colcon.colcon_core.package_identification:_identify(src) by extensions ['ignore', 'ignore_ament_install']
[0.479s] Level 1:colcon.colcon_core.package_identification:_identify(src) by extension 'ignore'
[0.479s] Level 1:colcon.colcon_core.package_identification:_identify(src) by extension 'ignore_ament_install'
[0.479s] Level 1:colcon.colcon_core.package_identification:_identify(src) by extensions ['colcon_pkg']
[0.479s] Level 1:colcon.colcon_core.package_identification:_identify(src) by extension 'colcon_pkg'
[0.479s] Level 1:colcon.colcon_core.package_identification:_identify(src) by extensions ['colcon_meta']
[0.479s] Level 1:colcon.colcon_core.package_identification:_identify(src) by extension 'colcon_meta'
[0.479s] Level 1:colcon.colcon_core.package_identification:_identify(src) by extensions ['ros']
[0.479s] Level 1:colcon.colcon_core.package_identification:_identify(src) by extension 'ros'
[0.479s] Level 1:colcon.colcon_core.package_identification:_identify(src) by extensions ['cmake', 'python']
[0.479s] Level 1:colcon.colcon_core.package_identification:_identify(src) by extension 'cmake'
[0.479s] Level 1:colcon.colcon_core.package_identification:_identify(src) by extension 'python'
[0.480s] Level 1:colcon.colcon_core.package_identification:_identify(src) by extensions ['python_setup_py']
[0.480s] Level 1:colcon.colcon_core.package_identification:_identify(src) by extension 'python_setup_py'
[0.480s] Level 1:colcon.colcon_core.package_identification:_identify(src/arm_description) by extensions ['ignore', 'ignore_ament_install']
[0.480s] Level 1:colcon.colcon_core.package_identification:_identify(src/arm_description) by extension 'ignore'
[0.480s] Level 1:colcon.colcon_core.package_identification:_identify(src/arm_description) by extension 'ignore_ament_install'
[0.480s] Level 1:colcon.colcon_core.package_identification:_identify(src/arm_description) by extensions ['colcon_pkg']
[0.480s] Level 1:colcon.colcon_core.package_identification:_identify(src/arm_description) by extension 'colcon_pkg'
[0.480s] Level 1:colcon.colcon_core.package_identification:_identify(src/arm_description) by extensions ['colcon_meta']
[0.480s] Level 1:colcon.colcon_core.package_identification:_identify(src/arm_description) by extension 'colcon_meta'
[0.480s] Level 1:colcon.colcon_core.package_identification:_identify(src/arm_description) by extensions ['ros']
[0.480s] Level 1:colcon.colcon_core.package_identification:_identify(src/arm_description) by extension 'ros'
[0.484s] DEBUG:colcon.colcon_core.package_identification:Package 'src/arm_description' with type 'ros.ament_cmake' and name 'arm_description'
[0.484s] Level 1:colcon.colcon_core.package_identification:_identify(src/assembly_controller) by extensions ['ignore', 'ignore_ament_install']
[0.484s] Level 1:colcon.colcon_core.package_identification:_identify(src/assembly_controller) by extension 'ignore'
[0.484s] Level 1:colcon.colcon_core.package_identification:_identify(src/assembly_controller) by extension 'ignore_ament_install'
[0.484s] Level 1:colcon.colcon_core.package_identification:_identify(src/assembly_controller) by extensions ['colcon_pkg']
[0.484s] Level 1:colcon.colcon_core.package_identification:_identify(src/assembly_controller) by extension 'colcon_pkg'
[0.484s] Level 1:colcon.colcon_core.package_identification:_identify(src/assembly_controller) by extensions ['colcon_meta']
[0.484s] Level 1:colcon.colcon_core.package_identification:_identify(src/assembly_controller) by extension 'colcon_meta'
[0.484s] Level 1:colcon.colcon_core.package_identification:_identify(src/assembly_controller) by extensions ['ros']
[0.484s] Level 1:colcon.colcon_core.package_identification:_identify(src/assembly_controller) by extension 'ros'
[0.485s] DEBUG:colcon.colcon_core.package_identification:Package 'src/assembly_controller' with type 'ros.ament_cmake' and name 'assembly_controller'
[0.485s] Level 1:colcon.colcon_core.package_identification:_identify(src/moveit_assembly) by extensions ['ignore', 'ignore_ament_install']
[0.485s] Level 1:colcon.colcon_core.package_identification:_identify(src/moveit_assembly) by extension 'ignore'
[0.485s] Level 1:colcon.colcon_core.package_identification:_identify(src/moveit_assembly) by extension 'ignore_ament_install'
[0.485s] Level 1:colcon.colcon_core.package_identification:_identify(src/moveit_assembly) by extensions ['colcon_pkg']
[0.485s] Level 1:colcon.colcon_core.package_identification:_identify(src/moveit_assembly) by extension 'colcon_pkg'
[0.485s] Level 1:colcon.colcon_core.package_identification:_identify(src/moveit_assembly) by extensions ['colcon_meta']
[0.485s] Level 1:colcon.colcon_core.package_identification:_identify(src/moveit_assembly) by extension 'colcon_meta'
[0.486s] Level 1:colcon.colcon_core.package_identification:_identify(src/moveit_assembly) by extensions ['ros']
[0.486s] Level 1:colcon.colcon_core.package_identification:_identify(src/moveit_assembly) by extension 'ros'
[0.486s] DEBUG:colcon.colcon_core.package_identification:Package 'src/moveit_assembly' with type 'ros.ament_cmake' and name 'moveit_assembly'
[0.486s] Level 1:colcon.colcon_core.package_discovery:discover_packages(recursive) using defaults
[0.486s] Level 1:colcon.colcon_core.package_discovery:discover_packages(ignore) discover
[0.486s] Level 1:colcon.colcon_core.package_discovery:discover_packages(ignore) using defaults
[0.486s] Level 1:colcon.colcon_core.package_discovery:discover_packages(path) discover
[0.486s] Level 1:colcon.colcon_core.package_discovery:discover_packages(path) using defaults
[0.527s] Level 1:colcon.colcon_core.package_discovery:discover_packages(prefix_path) check parameters
[0.527s] Level 1:colcon.colcon_core.package_discovery:discover_packages(prefix_path) discover
[0.530s] DEBUG:colcon.colcon_installed_package_information.package_discovery:Found 3 installed packages in /home/sally/doingthis_again/install
[0.532s] DEBUG:colcon.colcon_installed_package_information.package_discovery:Found 387 installed packages in /opt/ros/humble
[0.536s] Level 1:colcon.colcon_core.package_discovery:discover_packages(prefix_path) using defaults
[0.614s] Level 5:colcon.colcon_core.verb:set package 'arm_description' build argument 'cmake_args' from command line to 'None'
[0.614s] Level 5:colcon.colcon_core.verb:set package 'arm_description' build argument 'cmake_target' from command line to 'None'
[0.614s] Level 5:colcon.colcon_core.verb:set package 'arm_description' build argument 'cmake_target_skip_unavailable' from command line to 'False'
[0.614s] Level 5:colcon.colcon_core.verb:set package 'arm_description' build argument 'cmake_clean_cache' from command line to 'False'
[0.614s] Level 5:colcon.colcon_core.verb:set package 'arm_description' build argument 'cmake_clean_first' from command line to 'False'
[0.614s] Level 5:colcon.colcon_core.verb:set package 'arm_description' build argument 'cmake_force_configure' from command line to 'False'
[0.614s] Level 5:colcon.colcon_core.verb:set package 'arm_description' build argument 'ament_cmake_args' from command line to 'None'
[0.614s] Level 5:colcon.colcon_core.verb:set package 'arm_description' build argument 'catkin_cmake_args' from command line to 'None'
[0.614s] Level 5:colcon.colcon_core.verb:set package 'arm_description' build argument 'catkin_skip_building_tests' from command line to 'False'
[0.614s] DEBUG:colcon.colcon_core.verb:Building package 'arm_description' with the following arguments: {'ament_cmake_args': None, 'build_base': '/home/sally/doingthis_again/build/arm_description', 'catkin_cmake_args': None, 'catkin_skip_building_tests': False, 'cmake_args': None, 'cmake_clean_cache': False, 'cmake_clean_first': False, 'cmake_force_configure': False, 'cmake_target': None, 'cmake_target_skip_unavailable': False, 'install_base': '/home/sally/doingthis_again/install/arm_description', 'merge_install': False, 'path': '/home/sally/doingthis_again/src/arm_description', 'symlink_install': False, 'test_result_base': None}
[0.615s] Level 5:colcon.colcon_core.verb:set package 'assembly_controller' build argument 'cmake_args' from command line to 'None'
[0.615s] Level 5:colcon.colcon_core.verb:set package 'assembly_controller' build argument 'cmake_target' from command line to 'None'
[0.615s] Level 5:colcon.colcon_core.verb:set package 'assembly_controller' build argument 'cmake_target_skip_unavailable' from command line to 'False'
[0.615s] Level 5:colcon.colcon_core.verb:set package 'assembly_controller' build argument 'cmake_clean_cache' from command line to 'False'
[0.615s] Level 5:colcon.colcon_core.verb:set package 'assembly_controller' build argument 'cmake_clean_first' from command line to 'False'
[0.615s] Level 5:colcon.colcon_core.verb:set package 'assembly_controller' build argument 'cmake_force_configure' from command line to 'False'
[0.615s] Level 5:colcon.colcon_core.verb:set package 'assembly_controller' build argument 'ament_cmake_args' from command line to 'None'
[0.615s] Level 5:colcon.colcon_core.verb:set package 'assembly_controller' build argument 'catkin_cmake_args' from command line to 'None'
[0.615s] Level 5:colcon.colcon_core.verb:set package 'assembly_controller' build argument 'catkin_skip_building_tests' from command line to 'False'
[0.615s] DEBUG:colcon.colcon_core.verb:Building package 'assembly_controller' with the following arguments: {'ament_cmake_args': None, 'build_base': '/home/sally/doingthis_again/build/assembly_controller', 'catkin_cmake_args': None, 'catkin_skip_building_tests': False, 'cmake_args': None, 'cmake_clean_cache': False, 'cmake_clean_first': False, 'cmake_force_configure': False, 'cmake_target': None, 'cmake_target_skip_unavailable': False, 'install_base': '/home/sally/doingthis_again/install/assembly_controller', 'merge_install': False, 'path': '/home/sally/doingthis_again/src/assembly_controller', 'symlink_install': False, 'test_result_base': None}
[0.615s] Level 5:colcon.colcon_core.verb:set package 'moveit_assembly' build argument 'cmake_args' from command line to 'None'
[0.616s] Level 5:colcon.colcon_core.verb:set package 'moveit_assembly' build argument 'cmake_target' from command line to 'None'
[0.616s] Level 5:colcon.colcon_core.verb:set package 'moveit_assembly' build argument 'cmake_target_skip_unavailable' from command line to 'False'
[0.616s] Level 5:colcon.colcon_core.verb:set package 'moveit_assembly' build argument 'cmake_clean_cache' from command line to 'False'
[0.616s] Level 5:colcon.colcon_core.verb:set package 'moveit_assembly' build argument 'cmake_clean_first' from command line to 'False'
[0.616s] Level 5:colcon.colcon_core.verb:set package 'moveit_assembly' build argument 'cmake_force_configure' from command line to 'False'
[0.616s] Level 5:colcon.colcon_core.verb:set package 'moveit_assembly' build argument 'ament_cmake_args' from command line to 'None'
[0.616s] Level 5:colcon.colcon_core.verb:set package 'moveit_assembly' build argument 'catkin_cmake_args' from command line to 'None'
[0.616s] Level 5:colcon.colcon_core.verb:set package 'moveit_assembly' build argument 'catkin_skip_building_tests' from command line to 'False'
[0.616s] DEBUG:colcon.colcon_core.verb:Building package 'moveit_assembly' with the following arguments: {'ament_cmake_args': None, 'build_base': '/home/sally/doingthis_again/build/moveit_assembly', 'catkin_cmake_args': None, 'catkin_skip_building_tests': False, 'cmake_args': None, 'cmake_clean_cache': False, 'cmake_clean_first': False, 'cmake_force_configure': False, 'cmake_target': None, 'cmake_target_skip_unavailable': False, 'install_base': '/home/sally/doingthis_again/install/moveit_assembly', 'merge_install': False, 'path': '/home/sally/doingthis_again/src/moveit_assembly', 'symlink_install': False, 'test_result_base': None}
[0.616s] INFO:colcon.colcon_core.executor:Executing jobs using 'parallel' executor
[0.618s] DEBUG:colcon.colcon_parallel_executor.executor.parallel:run_until_complete
[0.618s] INFO:colcon.colcon_ros.task.ament_cmake.build:Building ROS package in '/home/sally/doingthis_again/src/arm_description' with build type 'ament_cmake'
[0.618s] INFO:colcon.colcon_cmake.task.cmake.build:Building CMake package in '/home/sally/doingthis_again/src/arm_description'
[0.621s] INFO:colcon.colcon_core.plugin_system:Skipping extension 'colcon_core.shell.bat': Not used on non-Windows systems
[0.621s] INFO:colcon.colcon_core.shell:Skip shell extension 'powershell' for command environment: Not usable outside of PowerShell
[0.622s] DEBUG:colcon.colcon_core.shell:Skip shell extension 'dsv' for command environment
[0.627s] INFO:colcon.colcon_ros.task.ament_cmake.build:Building ROS package in '/home/sally/doingthis_again/src/assembly_controller' with build type 'ament_cmake'
[0.627s] INFO:colcon.colcon_cmake.task.cmake.build:Building CMake package in '/home/sally/doingthis_again/src/assembly_controller'
[0.627s] INFO:colcon.colcon_core.shell:Skip shell extension 'powershell' for command environment: Not usable outside of PowerShell
[0.627s] DEBUG:colcon.colcon_core.shell:Skip shell extension 'dsv' for command environment
[0.634s] INFO:colcon.colcon_ros.task.ament_cmake.build:Building ROS package in '/home/sally/doingthis_again/src/moveit_assembly' with build type 'ament_cmake'
[0.634s] INFO:colcon.colcon_cmake.task.cmake.build:Building CMake package in '/home/sally/doingthis_again/src/moveit_assembly'
[0.635s] INFO:colcon.colcon_core.shell:Skip shell extension 'powershell' for command environment: Not usable outside of PowerShell
[0.635s] DEBUG:colcon.colcon_core.shell:Skip shell extension 'dsv' for command environment
[0.648s] DEBUG:colcon.colcon_core.event_handler.log_command:Invoking command in '/home/sally/doingthis_again/build/arm_description': CMAKE_PREFIX_PATH=${CMAKE_PREFIX_PATH}:/opt/ros/humble /usr/bin/cmake --build /home/sally/doingthis_again/build/arm_description -- -j4 -l4
[0.653s] DEBUG:colcon.colcon_core.event_handler.log_command:Invoking command in '/home/sally/doingthis_again/build/assembly_controller': CMAKE_PREFIX_PATH=${CMAKE_PREFIX_PATH}:/opt/ros/humble /usr/bin/cmake --build /home/sally/doingthis_again/build/assembly_controller -- -j4 -l4
[0.661s] DEBUG:colcon.colcon_core.event_handler.log_command:Invoking command in '/home/sally/doingthis_again/build/moveit_assembly': CMAKE_PREFIX_PATH=${CMAKE_PREFIX_PATH}:/opt/ros/humble /usr/bin/cmake --build /home/sally/doingthis_again/build/moveit_assembly -- -j4 -l4
[0.702s] DEBUG:colcon.colcon_core.event_handler.log_command:Invoked command in '/home/sally/doingthis_again/build/assembly_controller' returned '0': CMAKE_PREFIX_PATH=${CMAKE_PREFIX_PATH}:/opt/ros/humble /usr/bin/cmake --build /home/sally/doingthis_again/build/assembly_controller -- -j4 -l4
[0.707s] DEBUG:colcon.colcon_core.event_handler.log_command:Invoked command in '/home/sally/doingthis_again/build/arm_description' returned '0': CMAKE_PREFIX_PATH=${CMAKE_PREFIX_PATH}:/opt/ros/humble /usr/bin/cmake --build /home/sally/doingthis_again/build/arm_description -- -j4 -l4
[0.723s] DEBUG:colcon.colcon_core.event_handler.log_command:Invoked command in '/home/sally/doingthis_again/build/moveit_assembly' returned '0': CMAKE_PREFIX_PATH=${CMAKE_PREFIX_PATH}:/opt/ros/humble /usr/bin/cmake --build /home/sally/doingthis_again/build/moveit_assembly -- -j4 -l4
[0.748s] DEBUG:colcon.colcon_core.event_handler.log_command:Invoking command in '/home/sally/doingthis_again/build/assembly_controller': CMAKE_PREFIX_PATH=${CMAKE_PREFIX_PATH}:/opt/ros/humble /usr/bin/cmake --install /home/sally/doingthis_again/build/assembly_controller
[0.754s] DEBUG:colcon.colcon_core.event_handler.log_command:Invoking command in '/home/sally/doingthis_again/build/arm_description': CMAKE_PREFIX_PATH=${CMAKE_PREFIX_PATH}:/opt/ros/humble /usr/bin/cmake --install /home/sally/doingthis_again/build/arm_description
[0.757s] DEBUG:colcon.colcon_core.event_handler.log_command:Invoking command in '/home/sally/doingthis_again/build/moveit_assembly': CMAKE_PREFIX_PATH=${CMAKE_PREFIX_PATH}:/opt/ros/humble /usr/bin/cmake --install /home/sally/doingthis_again/build/moveit_assembly
[0.768s] Level 1:colcon.colcon_core.environment:create_environment_scripts_only(assembly_controller)
[0.774s] DEBUG:colcon.colcon_core.event_handler.log_command:Invoked command in '/home/sally/doingthis_again/build/assembly_controller' returned '0': CMAKE_PREFIX_PATH=${CMAKE_PREFIX_PATH}:/opt/ros/humble /usr/bin/cmake --install /home/sally/doingthis_again/build/assembly_controller
[0.779s] Level 1:colcon.colcon_core.environment:checking '/home/sally/doingthis_again/install/assembly_controller' for CMake module files
[0.780s] Level 1:colcon.colcon_core.environment:checking '/home/sally/doingthis_again/install/assembly_controller' for CMake config files
[0.780s] Level 1:colcon.colcon_core.shell:create_environment_hook('assembly_controller', 'cmake_prefix_path')
[0.780s] INFO:colcon.colcon_core.shell:Creating environment hook '/home/sally/doingthis_again/install/assembly_controller/share/assembly_controller/hook/cmake_prefix_path.ps1'
[0.781s] INFO:colcon.colcon_core.shell:Creating environment descriptor '/home/sally/doingthis_again/install/assembly_controller/share/assembly_controller/hook/cmake_prefix_path.dsv'
[0.782s] INFO:colcon.colcon_core.shell:Creating environment hook '/home/sally/doingthis_again/install/assembly_controller/share/assembly_controller/hook/cmake_prefix_path.sh'
[0.783s] Level 1:colcon.colcon_core.environment:checking '/home/sally/doingthis_again/install/assembly_controller/bin'
[0.783s] Level 1:colcon.colcon_core.environment:checking '/home/sally/doingthis_again/install/assembly_controller/lib/pkgconfig/assembly_controller.pc'
[0.783s] Level 1:colcon.colcon_core.environment:checking '/home/sally/doingthis_again/install/assembly_controller/lib/python3.10/site-packages'
[0.783s] Level 1:colcon.colcon_core.environment:checking '/home/sally/doingthis_again/install/assembly_controller/bin'
[0.784s] INFO:colcon.colcon_core.shell:Creating package script '/home/sally/doingthis_again/install/assembly_controller/share/assembly_controller/package.ps1'
[0.785s] INFO:colcon.colcon_core.shell:Creating package descriptor '/home/sally/doingthis_again/install/assembly_controller/share/assembly_controller/package.dsv'
[0.785s] INFO:colcon.colcon_core.shell:Creating package script '/home/sally/doingthis_again/install/assembly_controller/share/assembly_controller/package.sh'
[0.786s] INFO:colcon.colcon_core.shell:Creating package script '/home/sally/doingthis_again/install/assembly_controller/share/assembly_controller/package.bash'
[0.787s] INFO:colcon.colcon_core.shell:Creating package script '/home/sally/doingthis_again/install/assembly_controller/share/assembly_controller/package.zsh'
[0.788s] Level 1:colcon.colcon_core.environment:create_file_with_runtime_dependencies(/home/sally/doingthis_again/install/assembly_controller/share/colcon-core/packages/assembly_controller)
[0.790s] Level 1:colcon.colcon_core.environment:create_environment_scripts_only(moveit_assembly)
[0.790s] Level 1:colcon.colcon_core.environment:checking '/home/sally/doingthis_again/install/moveit_assembly' for CMake module files
[0.791s] DEBUG:colcon.colcon_core.event_handler.log_command:Invoked command in '/home/sally/doingthis_again/build/moveit_assembly' returned '0': CMAKE_PREFIX_PATH=${CMAKE_PREFIX_PATH}:/opt/ros/humble /usr/bin/cmake --install /home/sally/doingthis_again/build/moveit_assembly
[0.792s] Level 1:colcon.colcon_core.environment:checking '/home/sally/doingthis_again/install/moveit_assembly' for CMake config files
[0.792s] Level 1:colcon.colcon_core.shell:create_environment_hook('moveit_assembly', 'cmake_prefix_path')
[0.792s] INFO:colcon.colcon_core.shell:Creating environment hook '/home/sally/doingthis_again/install/moveit_assembly/share/moveit_assembly/hook/cmake_prefix_path.ps1'
[0.793s] INFO:colcon.colcon_core.shell:Creating environment descriptor '/home/sally/doingthis_again/install/moveit_assembly/share/moveit_assembly/hook/cmake_prefix_path.dsv'
[0.793s] INFO:colcon.colcon_core.shell:Creating environment hook '/home/sally/doingthis_again/install/moveit_assembly/share/moveit_assembly/hook/cmake_prefix_path.sh'
[0.794s] Level 1:colcon.colcon_core.environment:checking '/home/sally/doingthis_again/install/moveit_assembly/bin'
[0.794s] Level 1:colcon.colcon_core.environment:checking '/home/sally/doingthis_again/install/moveit_assembly/lib/pkgconfig/moveit_assembly.pc'
[0.794s] Level 1:colcon.colcon_core.environment:checking '/home/sally/doingthis_again/install/moveit_assembly/lib/python3.10/site-packages'
[0.795s] Level 1:colcon.colcon_core.environment:checking '/home/sally/doingthis_again/install/moveit_assembly/bin'
[0.795s] INFO:colcon.colcon_core.shell:Creating package script '/home/sally/doingthis_again/install/moveit_assembly/share/moveit_assembly/package.ps1'
[0.796s] INFO:colcon.colcon_core.shell:Creating package descriptor '/home/sally/doingthis_again/install/moveit_assembly/share/moveit_assembly/package.dsv'
[0.796s] INFO:colcon.colcon_core.shell:Creating package script '/home/sally/doingthis_again/install/moveit_assembly/share/moveit_assembly/package.sh'
[0.797s] INFO:colcon.colcon_core.shell:Creating package script '/home/sally/doingthis_again/install/moveit_assembly/share/moveit_assembly/package.bash'
[0.797s] INFO:colcon.colcon_core.shell:Creating package script '/home/sally/doingthis_again/install/moveit_assembly/share/moveit_assembly/package.zsh'
[0.798s] Level 1:colcon.colcon_core.environment:create_file_with_runtime_dependencies(/home/sally/doingthis_again/install/moveit_assembly/share/colcon-core/packages/moveit_assembly)
[0.799s] Level 1:colcon.colcon_core.environment:create_environment_scripts_only(arm_description)
[0.800s] Level 1:colcon.colcon_core.environment:checking '/home/sally/doingthis_again/install/arm_description' for CMake module files
[0.801s] DEBUG:colcon.colcon_core.event_handler.log_command:Invoked command in '/home/sally/doingthis_again/build/arm_description' returned '0': CMAKE_PREFIX_PATH=${CMAKE_PREFIX_PATH}:/opt/ros/humble /usr/bin/cmake --install /home/sally/doingthis_again/build/arm_description
[0.802s] Level 1:colcon.colcon_core.environment:checking '/home/sally/doingthis_again/install/arm_description' for CMake config files
[0.802s] Level 1:colcon.colcon_core.shell:create_environment_hook('arm_description', 'cmake_prefix_path')
[0.803s] INFO:colcon.colcon_core.shell:Creating environment hook '/home/sally/doingthis_again/install/arm_description/share/arm_description/hook/cmake_prefix_path.ps1'
[0.804s] INFO:colcon.colcon_core.shell:Creating environment descriptor '/home/sally/doingthis_again/install/arm_description/share/arm_description/hook/cmake_prefix_path.dsv'
[0.804s] INFO:colcon.colcon_core.shell:Creating environment hook '/home/sally/doingthis_again/install/arm_description/share/arm_description/hook/cmake_prefix_path.sh'
[0.805s] Level 1:colcon.colcon_core.environment:checking '/home/sally/doingthis_again/install/arm_description/bin'
[0.805s] Level 1:colcon.colcon_core.environment:checking '/home/sally/doingthis_again/install/arm_description/lib/pkgconfig/arm_description.pc'
[0.806s] Level 1:colcon.colcon_core.environment:checking '/home/sally/doingthis_again/install/arm_description/lib/python3.10/site-packages'
[0.806s] Level 1:colcon.colcon_core.environment:checking '/home/sally/doingthis_again/install/arm_description/bin'
[0.807s] INFO:colcon.colcon_core.shell:Creating package script '/home/sally/doingthis_again/install/arm_description/share/arm_description/package.ps1'
[0.808s] INFO:colcon.colcon_core.shell:Creating package descriptor '/home/sally/doingthis_again/install/arm_description/share/arm_description/package.dsv'
[0.814s] INFO:colcon.colcon_core.shell:Creating package script '/home/sally/doingthis_again/install/arm_description/share/arm_description/package.sh'
[0.815s] INFO:colcon.colcon_core.shell:Creating package script '/home/sally/doingthis_again/install/arm_description/share/arm_description/package.bash'
[0.815s] INFO:colcon.colcon_core.shell:Creating package script '/home/sally/doingthis_again/install/arm_description/share/arm_description/package.zsh'
[0.815s] Level 1:colcon.colcon_core.environment:create_file_with_runtime_dependencies(/home/sally/doingthis_again/install/arm_description/share/colcon-core/packages/arm_description)
[0.819s] Level 1:colcon.colcon_core.environment:create_environment_scripts_only(assembly_controller)
[0.819s] Level 1:colcon.colcon_core.environment:checking '/home/sally/doingthis_again/install/assembly_controller' for CMake module files
[0.821s] Level 1:colcon.colcon_core.environment:checking '/home/sally/doingthis_again/install/assembly_controller' for CMake config files
[0.822s] Level 1:colcon.colcon_core.shell:create_environment_hook('assembly_controller', 'cmake_prefix_path')
[0.822s] INFO:colcon.colcon_core.shell:Creating environment hook '/home/sally/doingthis_again/install/assembly_controller/share/assembly_controller/hook/cmake_prefix_path.ps1'
[0.823s] INFO:colcon.colcon_core.shell:Creating environment descriptor '/home/sally/doingthis_again/install/assembly_controller/share/assembly_controller/hook/cmake_prefix_path.dsv'
[0.824s] INFO:colcon.colcon_core.shell:Creating environment hook '/home/sally/doingthis_again/install/assembly_controller/share/assembly_controller/hook/cmake_prefix_path.sh'
[0.825s] Level 1:colcon.colcon_core.environment:checking '/home/sally/doingthis_again/install/assembly_controller/bin'
[0.825s] Level 1:colcon.colcon_core.environment:checking '/home/sally/doingthis_again/install/assembly_controller/lib/pkgconfig/assembly_controller.pc'
[0.825s] Level 1:colcon.colcon_core.environment:checking '/home/sally/doingthis_again/install/assembly_controller/lib/python3.10/site-packages'
[0.826s] Level 1:colcon.colcon_core.environment:checking '/home/sally/doingthis_again/install/assembly_controller/bin'
[0.827s] INFO:colcon.colcon_core.shell:Creating package script '/home/sally/doingthis_again/install/assembly_controller/share/assembly_controller/package.ps1'
[0.828s] INFO:colcon.colcon_core.shell:Creating package descriptor '/home/sally/doingthis_again/install/assembly_controller/share/assembly_controller/package.dsv'
[0.829s] INFO:colcon.colcon_core.shell:Creating package script '/home/sally/doingthis_again/install/assembly_controller/share/assembly_controller/package.sh'
[0.830s] INFO:colcon.colcon_core.shell:Creating package script '/home/sally/doingthis_again/install/assembly_controller/share/assembly_controller/package.bash'
[0.830s] INFO:colcon.colcon_core.shell:Creating package script '/home/sally/doingthis_again/install/assembly_controller/share/assembly_controller/package.zsh'
[0.831s] Level 1:colcon.colcon_core.environment:create_file_with_runtime_dependencies(/home/sally/doingthis_again/install/assembly_controller/share/colcon-core/packages/assembly_controller)
[0.832s] Level 1:colcon.colcon_core.environment:create_environment_scripts_only(moveit_assembly)
[0.832s] Level 1:colcon.colcon_core.environment:checking '/home/sally/doingthis_again/install/moveit_assembly' for CMake module files
[0.833s] Level 1:colcon.colcon_core.environment:checking '/home/sally/doingthis_again/install/moveit_assembly' for CMake config files
[0.834s] Level 1:colcon.colcon_core.shell:create_environment_hook('moveit_assembly', 'cmake_prefix_path')
[0.834s] INFO:colcon.colcon_core.shell:Creating environment hook '/home/sally/doingthis_again/install/moveit_assembly/share/moveit_assembly/hook/cmake_prefix_path.ps1'
[0.835s] INFO:colcon.colcon_core.shell:Creating environment descriptor '/home/sally/doingthis_again/install/moveit_assembly/share/moveit_assembly/hook/cmake_prefix_path.dsv'
[0.835s] INFO:colcon.colcon_core.shell:Creating environment hook '/home/sally/doingthis_again/install/moveit_assembly/share/moveit_assembly/hook/cmake_prefix_path.sh'
[0.836s] Level 1:colcon.colcon_core.environment:checking '/home/sally/doingthis_again/install/moveit_assembly/bin'
[0.836s] Level 1:colcon.colcon_core.environment:checking '/home/sally/doingthis_again/install/moveit_assembly/lib/pkgconfig/moveit_assembly.pc'
[0.836s] Level 1:colcon.colcon_core.environment:checking '/home/sally/doingthis_again/install/moveit_assembly/lib/python3.10/site-packages'
[0.837s] Level 1:colcon.colcon_core.environment:checking '/home/sally/doingthis_again/install/moveit_assembly/bin'
[0.837s] INFO:colcon.colcon_core.shell:Creating package script '/home/sally/doingthis_again/install/moveit_assembly/share/moveit_assembly/package.ps1'
[0.838s] INFO:colcon.colcon_core.shell:Creating package descriptor '/home/sally/doingthis_again/install/moveit_assembly/share/moveit_assembly/package.dsv'
[0.839s] INFO:colcon.colcon_core.shell:Creating package script '/home/sally/doingthis_again/install/moveit_assembly/share/moveit_assembly/package.sh'
[0.839s] INFO:colcon.colcon_core.shell:Creating package script '/home/sally/doingthis_again/install/moveit_assembly/share/moveit_assembly/package.bash'
[0.840s] INFO:colcon.colcon_core.shell:Creating package script '/home/sally/doingthis_again/install/moveit_assembly/share/moveit_assembly/package.zsh'
[0.840s] Level 1:colcon.colcon_core.environment:create_file_with_runtime_dependencies(/home/sally/doingthis_again/install/moveit_assembly/share/colcon-core/packages/moveit_assembly)
[0.846s] Level 1:colcon.colcon_core.environment:create_environment_scripts_only(arm_description)
[0.846s] Level 1:colcon.colcon_core.environment:checking '/home/sally/doingthis_again/install/arm_description' for CMake module files
[0.847s] Level 1:colcon.colcon_core.environment:checking '/home/sally/doingthis_again/install/arm_description' for CMake config files
[0.847s] Level 1:colcon.colcon_core.shell:create_environment_hook('arm_description', 'cmake_prefix_path')
[0.847s] INFO:colcon.colcon_core.shell:Creating environment hook '/home/sally/doingthis_again/install/arm_description/share/arm_description/hook/cmake_prefix_path.ps1'
[0.848s] INFO:colcon.colcon_core.shell:Creating environment descriptor '/home/sally/doingthis_again/install/arm_description/share/arm_description/hook/cmake_prefix_path.dsv'
[0.848s] INFO:colcon.colcon_core.shell:Creating environment hook '/home/sally/doingthis_again/install/arm_description/share/arm_description/hook/cmake_prefix_path.sh'
[0.849s] Level 1:colcon.colcon_core.environment:checking '/home/sally/doingthis_again/install/arm_description/bin'
[0.849s] Level 1:colcon.colcon_core.environment:checking '/home/sally/doingthis_again/install/arm_description/lib/pkgconfig/arm_description.pc'
[0.849s] Level 1:colcon.colcon_core.environment:checking '/home/sally/doingthis_again/install/arm_description/lib/python3.10/site-packages'
[0.850s] Level 1:colcon.colcon_core.environment:checking '/home/sally/doingthis_again/install/arm_description/bin'
[0.850s] INFO:colcon.colcon_core.shell:Creating package script '/home/sally/doingthis_again/install/arm_description/share/arm_description/package.ps1'
[0.851s] INFO:colcon.colcon_core.shell:Creating package descriptor '/home/sally/doingthis_again/install/arm_description/share/arm_description/package.dsv'
[0.852s] INFO:colcon.colcon_core.shell:Creating package script '/home/sally/doingthis_again/install/arm_description/share/arm_description/package.sh'
[0.852s] INFO:colcon.colcon_core.shell:Creating package script '/home/sally/doingthis_again/install/arm_description/share/arm_description/package.bash'
[0.853s] INFO:colcon.colcon_core.shell:Creating package script '/home/sally/doingthis_again/install/arm_description/share/arm_description/package.zsh'
[0.853s] Level 1:colcon.colcon_core.environment:create_file_with_runtime_dependencies(/home/sally/doingthis_again/install/arm_description/share/colcon-core/packages/arm_description)
[0.853s] DEBUG:colcon.colcon_parallel_executor.executor.parallel:closing loop
[0.854s] DEBUG:colcon.colcon_parallel_executor.executor.parallel:loop closed
[0.854s] DEBUG:colcon.colcon_parallel_executor.executor.parallel:run_until_complete finished with '0'
[0.854s] DEBUG:colcon.colcon_core.event_reactor:joining thread
[0.864s] INFO:colcon.colcon_core.plugin_system:Skipping extension 'colcon_notification.desktop_notification.terminal_notifier': Not used on non-Darwin systems
[0.864s] INFO:colcon.colcon_core.plugin_system:Skipping extension 'colcon_notification.desktop_notification.win32': Not used on non-Windows systems
[0.865s] INFO:colcon.colcon_notification.desktop_notification:Sending desktop notification using 'notify2'
[0.882s] DEBUG:colcon.colcon_core.event_reactor:joined thread
[0.883s] INFO:colcon.colcon_core.shell:Creating prefix script '/home/sally/doingthis_again/install/local_setup.ps1'
[0.884s] INFO:colcon.colcon_core.shell:Creating prefix util module '/home/sally/doingthis_again/install/_local_setup_util_ps1.py'
[0.886s] INFO:colcon.colcon_core.shell:Creating prefix chain script '/home/sally/doingthis_again/install/setup.ps1'
[0.888s] INFO:colcon.colcon_core.shell:Creating prefix script '/home/sally/doingthis_again/install/local_setup.sh'
[0.888s] INFO:colcon.colcon_core.shell:Creating prefix util module '/home/sally/doingthis_again/install/_local_setup_util_sh.py'
[0.889s] INFO:colcon.colcon_core.shell:Creating prefix chain script '/home/sally/doingthis_again/install/setup.sh'
[0.890s] INFO:colcon.colcon_core.shell:Creating prefix script '/home/sally/doingthis_again/install/local_setup.bash'
[0.891s] INFO:colcon.colcon_core.shell:Creating prefix chain script '/home/sally/doingthis_again/install/setup.bash'
[0.892s] INFO:colcon.colcon_core.shell:Creating prefix script '/home/sally/doingthis_again/install/local_setup.zsh'
[0.893s] INFO:colcon.colcon_core.shell:Creating prefix chain script '/home/sally/doingthis_again/install/setup.zsh'
