[0.166s] DEBUG:colcon:Command line arguments: ['/usr/bin/colcon', 'build']
[0.166s] DEBUG:colcon:Parsed command line arguments: Namespace(log_base=None, log_level=None, verb_name='build', build_base='build', install_base='install', merge_install=False, symlink_install=False, test_result_base=None, continue_on_error=False, executor='parallel', parallel_workers=4, event_handlers=None, ignore_user_meta=False, metas=['./colcon.meta'], base_paths=['.'], packages_ignore=None, packages_ignore_regex=None, paths=None, packages_up_to=None, packages_up_to_regex=None, packages_above=None, packages_above_and_dependencies=None, packages_above_depth=None, packages_select_by_dep=None, packages_skip_by_dep=None, packages_skip_up_to=None, packages_select_build_failed=False, packages_skip_build_finished=False, packages_select_test_failures=False, packages_skip_test_passed=False, packages_select=None, packages_skip=None, packages_select_regex=None, packages_skip_regex=None, packages_start=None, packages_end=None, allow_overriding=[], cmake_args=None, cmake_target=None, cmake_target_skip_unavailable=False, cmake_clean_cache=False, cmake_clean_first=False, cmake_force_configure=False, ament_cmake_args=None, catkin_cmake_args=None, catkin_skip_building_tests=False, mixin_files=None, mixin=None, verb_parser=<colcon_mixin.mixin.mixin_argument.MixinArgumentDecorator object at 0x7cf694e847c0>, verb_extension=<colcon_core.verb.build.BuildVerb object at 0x7cf694f98e20>, main=<bound method BuildVerb.main of <colcon_core.verb.build.BuildVerb object at 0x7cf694f98e20>>, mixin_verb=('build',))
[0.441s] Level 1:colcon.colcon_core.package_discovery:discover_packages(colcon_meta) check parameters
[0.441s] Level 1:colcon.colcon_core.package_discovery:discover_packages(recursive) check parameters
[0.441s] Level 1:colcon.colcon_core.package_discovery:discover_packages(ignore) check parameters
[0.441s] Level 1:colcon.colcon_core.package_discovery:discover_packages(path) check parameters
[0.441s] Level 1:colcon.colcon_core.package_discovery:discover_packages(colcon_meta) discover
[0.441s] Level 1:colcon.colcon_core.package_discovery:discover_packages(recursive) discover
[0.441s] INFO:colcon.colcon_core.package_discovery:Crawling recursively for packages in '/home/sally/doingthis_again'
[0.442s] Level 1:colcon.colcon_core.package_identification:_identify(.) by extensions ['ignore', 'ignore_ament_install']
[0.442s] Level 1:colcon.colcon_core.package_identification:_identify(.) by extension 'ignore'
[0.442s] Level 1:colcon.colcon_core.package_identification:_identify(.) by extension 'ignore_ament_install'
[0.442s] Level 1:colcon.colcon_core.package_identification:_identify(.) by extensions ['colcon_pkg']
[0.442s] Level 1:colcon.colcon_core.package_identification:_identify(.) by extension 'colcon_pkg'
[0.442s] Level 1:colcon.colcon_core.package_identification:_identify(.) by extensions ['colcon_meta']
[0.442s] Level 1:colcon.colcon_core.package_identification:_identify(.) by extension 'colcon_meta'
[0.442s] Level 1:colcon.colcon_core.package_identification:_identify(.) by extensions ['ros']
[0.442s] Level 1:colcon.colcon_core.package_identification:_identify(.) by extension 'ros'
[0.456s] Level 1:colcon.colcon_core.package_identification:_identify(.) by extensions ['cmake', 'python']
[0.457s] Level 1:colcon.colcon_core.package_identification:_identify(.) by extension 'cmake'
[0.457s] Level 1:colcon.colcon_core.package_identification:_identify(.) by extension 'python'
[0.457s] Level 1:colcon.colcon_core.package_identification:_identify(.) by extensions ['python_setup_py']
[0.457s] Level 1:colcon.colcon_core.package_identification:_identify(.) by extension 'python_setup_py'
[0.457s] Level 1:colcon.colcon_core.package_identification:_identify(build) by extensions ['ignore', 'ignore_ament_install']
[0.457s] Level 1:colcon.colcon_core.package_identification:_identify(build) by extension 'ignore'
[0.458s] Level 1:colcon.colcon_core.package_identification:_identify(build) ignored
[0.458s] Level 1:colcon.colcon_core.package_identification:_identify(install) by extensions ['ignore', 'ignore_ament_install']
[0.458s] Level 1:colcon.colcon_core.package_identification:_identify(install) by extension 'ignore'
[0.458s] Level 1:colcon.colcon_core.package_identification:_identify(install) ignored
[0.458s] Level 1:colcon.colcon_core.package_identification:_identify(log) by extensions ['ignore', 'ignore_ament_install']
[0.458s] Level 1:colcon.colcon_core.package_identification:_identify(log) by extension 'ignore'
[0.458s] Level 1:colcon.colcon_core.package_identification:_identify(log) ignored
[0.458s] Level 1:colcon.colcon_core.package_identification:_identify(src) by extensions ['ignore', 'ignore_ament_install']
[0.458s] Level 1:colcon.colcon_core.package_identification:_identify(src) by extension 'ignore'
[0.458s] Level 1:colcon.colcon_core.package_identification:_identify(src) by extension 'ignore_ament_install'
[0.459s] Level 1:colcon.colcon_core.package_identification:_identify(src) by extensions ['colcon_pkg']
[0.459s] Level 1:colcon.colcon_core.package_identification:_identify(src) by extension 'colcon_pkg'
[0.459s] Level 1:colcon.colcon_core.package_identification:_identify(src) by extensions ['colcon_meta']
[0.459s] Level 1:colcon.colcon_core.package_identification:_identify(src) by extension 'colcon_meta'
[0.459s] Level 1:colcon.colcon_core.package_identification:_identify(src) by extensions ['ros']
[0.459s] Level 1:colcon.colcon_core.package_identification:_identify(src) by extension 'ros'
[0.459s] Level 1:colcon.colcon_core.package_identification:_identify(src) by extensions ['cmake', 'python']
[0.459s] Level 1:colcon.colcon_core.package_identification:_identify(src) by extension 'cmake'
[0.459s] Level 1:colcon.colcon_core.package_identification:_identify(src) by extension 'python'
[0.459s] Level 1:colcon.colcon_core.package_identification:_identify(src) by extensions ['python_setup_py']
[0.459s] Level 1:colcon.colcon_core.package_identification:_identify(src) by extension 'python_setup_py'
[0.459s] Level 1:colcon.colcon_core.package_identification:_identify(src/arm_description) by extensions ['ignore', 'ignore_ament_install']
[0.460s] Level 1:colcon.colcon_core.package_identification:_identify(src/arm_description) by extension 'ignore'
[0.460s] Level 1:colcon.colcon_core.package_identification:_identify(src/arm_description) by extension 'ignore_ament_install'
[0.460s] Level 1:colcon.colcon_core.package_identification:_identify(src/arm_description) by extensions ['colcon_pkg']
[0.460s] Level 1:colcon.colcon_core.package_identification:_identify(src/arm_description) by extension 'colcon_pkg'
[0.460s] Level 1:colcon.colcon_core.package_identification:_identify(src/arm_description) by extensions ['colcon_meta']
[0.460s] Level 1:colcon.colcon_core.package_identification:_identify(src/arm_description) by extension 'colcon_meta'
[0.460s] Level 1:colcon.colcon_core.package_identification:_identify(src/arm_description) by extensions ['ros']
[0.460s] Level 1:colcon.colcon_core.package_identification:_identify(src/arm_description) by extension 'ros'
[0.463s] DEBUG:colcon.colcon_core.package_identification:Package 'src/arm_description' with type 'ros.ament_cmake' and name 'arm_description'
[0.463s] Level 1:colcon.colcon_core.package_identification:_identify(src/assembly_controller) by extensions ['ignore', 'ignore_ament_install']
[0.464s] Level 1:colcon.colcon_core.package_identification:_identify(src/assembly_controller) by extension 'ignore'
[0.464s] Level 1:colcon.colcon_core.package_identification:_identify(src/assembly_controller) by extension 'ignore_ament_install'
[0.464s] Level 1:colcon.colcon_core.package_identification:_identify(src/assembly_controller) by extensions ['colcon_pkg']
[0.464s] Level 1:colcon.colcon_core.package_identification:_identify(src/assembly_controller) by extension 'colcon_pkg'
[0.464s] Level 1:colcon.colcon_core.package_identification:_identify(src/assembly_controller) by extensions ['colcon_meta']
[0.464s] Level 1:colcon.colcon_core.package_identification:_identify(src/assembly_controller) by extension 'colcon_meta'
[0.464s] Level 1:colcon.colcon_core.package_identification:_identify(src/assembly_controller) by extensions ['ros']
[0.464s] Level 1:colcon.colcon_core.package_identification:_identify(src/assembly_controller) by extension 'ros'
[0.465s] DEBUG:colcon.colcon_core.package_identification:Package 'src/assembly_controller' with type 'ros.ament_cmake' and name 'assembly_controller'
[0.465s] Level 1:colcon.colcon_core.package_discovery:discover_packages(recursive) using defaults
[0.465s] Level 1:colcon.colcon_core.package_discovery:discover_packages(ignore) discover
[0.465s] Level 1:colcon.colcon_core.package_discovery:discover_packages(ignore) using defaults
[0.465s] Level 1:colcon.colcon_core.package_discovery:discover_packages(path) discover
[0.465s] Level 1:colcon.colcon_core.package_discovery:discover_packages(path) using defaults
[0.504s] Level 1:colcon.colcon_core.package_discovery:discover_packages(prefix_path) check parameters
[0.504s] Level 1:colcon.colcon_core.package_discovery:discover_packages(prefix_path) discover
[0.506s] DEBUG:colcon.colcon_installed_package_information.package_discovery:Found 1 installed packages in /home/sally/doingthis_again/install
[0.508s] DEBUG:colcon.colcon_installed_package_information.package_discovery:Found 387 installed packages in /opt/ros/humble
[0.512s] Level 1:colcon.colcon_core.package_discovery:discover_packages(prefix_path) using defaults
[0.587s] Level 5:colcon.colcon_core.verb:set package 'arm_description' build argument 'cmake_args' from command line to 'None'
[0.588s] Level 5:colcon.colcon_core.verb:set package 'arm_description' build argument 'cmake_target' from command line to 'None'
[0.588s] Level 5:colcon.colcon_core.verb:set package 'arm_description' build argument 'cmake_target_skip_unavailable' from command line to 'False'
[0.588s] Level 5:colcon.colcon_core.verb:set package 'arm_description' build argument 'cmake_clean_cache' from command line to 'False'
[0.588s] Level 5:colcon.colcon_core.verb:set package 'arm_description' build argument 'cmake_clean_first' from command line to 'False'
[0.588s] Level 5:colcon.colcon_core.verb:set package 'arm_description' build argument 'cmake_force_configure' from command line to 'False'
[0.588s] Level 5:colcon.colcon_core.verb:set package 'arm_description' build argument 'ament_cmake_args' from command line to 'None'
[0.588s] Level 5:colcon.colcon_core.verb:set package 'arm_description' build argument 'catkin_cmake_args' from command line to 'None'
[0.588s] Level 5:colcon.colcon_core.verb:set package 'arm_description' build argument 'catkin_skip_building_tests' from command line to 'False'
[0.588s] DEBUG:colcon.colcon_core.verb:Building package 'arm_description' with the following arguments: {'ament_cmake_args': None, 'build_base': '/home/sally/doingthis_again/build/arm_description', 'catkin_cmake_args': None, 'catkin_skip_building_tests': False, 'cmake_args': None, 'cmake_clean_cache': False, 'cmake_clean_first': False, 'cmake_force_configure': False, 'cmake_target': None, 'cmake_target_skip_unavailable': False, 'install_base': '/home/sally/doingthis_again/install/arm_description', 'merge_install': False, 'path': '/home/sally/doingthis_again/src/arm_description', 'symlink_install': False, 'test_result_base': None}
[0.588s] Level 5:colcon.colcon_core.verb:set package 'assembly_controller' build argument 'cmake_args' from command line to 'None'
[0.588s] Level 5:colcon.colcon_core.verb:set package 'assembly_controller' build argument 'cmake_target' from command line to 'None'
[0.588s] Level 5:colcon.colcon_core.verb:set package 'assembly_controller' build argument 'cmake_target_skip_unavailable' from command line to 'False'
[0.588s] Level 5:colcon.colcon_core.verb:set package 'assembly_controller' build argument 'cmake_clean_cache' from command line to 'False'
[0.588s] Level 5:colcon.colcon_core.verb:set package 'assembly_controller' build argument 'cmake_clean_first' from command line to 'False'
[0.589s] Level 5:colcon.colcon_core.verb:set package 'assembly_controller' build argument 'cmake_force_configure' from command line to 'False'
[0.589s] Level 5:colcon.colcon_core.verb:set package 'assembly_controller' build argument 'ament_cmake_args' from command line to 'None'
[0.589s] Level 5:colcon.colcon_core.verb:set package 'assembly_controller' build argument 'catkin_cmake_args' from command line to 'None'
[0.589s] Level 5:colcon.colcon_core.verb:set package 'assembly_controller' build argument 'catkin_skip_building_tests' from command line to 'False'
[0.589s] DEBUG:colcon.colcon_core.verb:Building package 'assembly_controller' with the following arguments: {'ament_cmake_args': None, 'build_base': '/home/sally/doingthis_again/build/assembly_controller', 'catkin_cmake_args': None, 'catkin_skip_building_tests': False, 'cmake_args': None, 'cmake_clean_cache': False, 'cmake_clean_first': False, 'cmake_force_configure': False, 'cmake_target': None, 'cmake_target_skip_unavailable': False, 'install_base': '/home/sally/doingthis_again/install/assembly_controller', 'merge_install': False, 'path': '/home/sally/doingthis_again/src/assembly_controller', 'symlink_install': False, 'test_result_base': None}
[0.589s] INFO:colcon.colcon_core.executor:Executing jobs using 'parallel' executor
[0.590s] DEBUG:colcon.colcon_parallel_executor.executor.parallel:run_until_complete
[0.591s] INFO:colcon.colcon_ros.task.ament_cmake.build:Building ROS package in '/home/sally/doingthis_again/src/arm_description' with build type 'ament_cmake'
[0.591s] INFO:colcon.colcon_cmake.task.cmake.build:Building CMake package in '/home/sally/doingthis_again/src/arm_description'
[0.594s] INFO:colcon.colcon_core.plugin_system:Skipping extension 'colcon_core.shell.bat': Not used on non-Windows systems
[0.594s] INFO:colcon.colcon_core.shell:Skip shell extension 'powershell' for command environment: Not usable outside of PowerShell
[0.594s] DEBUG:colcon.colcon_core.shell:Skip shell extension 'dsv' for command environment
[0.599s] INFO:colcon.colcon_ros.task.ament_cmake.build:Building ROS package in '/home/sally/doingthis_again/src/assembly_controller' with build type 'ament_cmake'
[0.599s] INFO:colcon.colcon_cmake.task.cmake.build:Building CMake package in '/home/sally/doingthis_again/src/assembly_controller'
[0.600s] INFO:colcon.colcon_core.shell:Skip shell extension 'powershell' for command environment: Not usable outside of PowerShell
[0.600s] DEBUG:colcon.colcon_core.shell:Skip shell extension 'dsv' for command environment
[0.613s] DEBUG:colcon.colcon_core.event_handler.log_command:Invoking command in '/home/sally/doingthis_again/build/arm_description': CMAKE_PREFIX_PATH=${CMAKE_PREFIX_PATH}:/opt/ros/humble /usr/bin/cmake --build /home/sally/doingthis_again/build/arm_description -- -j4 -l4
[0.618s] DEBUG:colcon.colcon_core.event_handler.log_command:Invoking command in '/home/sally/doingthis_again/build/assembly_controller': CMAKE_PREFIX_PATH=${CMAKE_PREFIX_PATH}:/opt/ros/humble /usr/bin/cmake /home/sally/doingthis_again/src/assembly_controller -DCMAKE_INSTALL_PREFIX=/home/sally/doingthis_again/install/assembly_controller
[0.658s] DEBUG:colcon.colcon_core.event_handler.log_command:Invoked command in '/home/sally/doingthis_again/build/arm_description' returned '0': CMAKE_PREFIX_PATH=${CMAKE_PREFIX_PATH}:/opt/ros/humble /usr/bin/cmake --build /home/sally/doingthis_again/build/arm_description -- -j4 -l4
[0.696s] DEBUG:colcon.colcon_core.event_handler.log_command:Invoking command in '/home/sally/doingthis_again/build/arm_description': CMAKE_PREFIX_PATH=${CMAKE_PREFIX_PATH}:/opt/ros/humble /usr/bin/cmake --install /home/sally/doingthis_again/build/arm_description
[0.712s] Level 1:colcon.colcon_core.environment:create_environment_scripts_only(arm_description)
[0.713s] DEBUG:colcon.colcon_core.event_handler.log_command:Invoked command in '/home/sally/doingthis_again/build/arm_description' returned '0': CMAKE_PREFIX_PATH=${CMAKE_PREFIX_PATH}:/opt/ros/humble /usr/bin/cmake --install /home/sally/doingthis_again/build/arm_description
[0.716s] Level 1:colcon.colcon_core.environment:checking '/home/sally/doingthis_again/install/arm_description' for CMake module files
[0.716s] Level 1:colcon.colcon_core.environment:checking '/home/sally/doingthis_again/install/arm_description' for CMake config files
[0.717s] Level 1:colcon.colcon_core.shell:create_environment_hook('arm_description', 'cmake_prefix_path')
[0.717s] INFO:colcon.colcon_core.shell:Creating environment hook '/home/sally/doingthis_again/install/arm_description/share/arm_description/hook/cmake_prefix_path.ps1'
[0.718s] INFO:colcon.colcon_core.shell:Creating environment descriptor '/home/sally/doingthis_again/install/arm_description/share/arm_description/hook/cmake_prefix_path.dsv'
[0.719s] INFO:colcon.colcon_core.shell:Creating environment hook '/home/sally/doingthis_again/install/arm_description/share/arm_description/hook/cmake_prefix_path.sh'
[0.721s] Level 1:colcon.colcon_core.environment:checking '/home/sally/doingthis_again/install/arm_description/bin'
[0.721s] Level 1:colcon.colcon_core.environment:checking '/home/sally/doingthis_again/install/arm_description/lib/pkgconfig/arm_description.pc'
[0.721s] Level 1:colcon.colcon_core.environment:checking '/home/sally/doingthis_again/install/arm_description/lib/python3.10/site-packages'
[0.721s] Level 1:colcon.colcon_core.environment:checking '/home/sally/doingthis_again/install/arm_description/bin'
[0.722s] INFO:colcon.colcon_core.shell:Creating package script '/home/sally/doingthis_again/install/arm_description/share/arm_description/package.ps1'
[0.723s] INFO:colcon.colcon_core.shell:Creating package descriptor '/home/sally/doingthis_again/install/arm_description/share/arm_description/package.dsv'
[0.724s] INFO:colcon.colcon_core.shell:Creating package script '/home/sally/doingthis_again/install/arm_description/share/arm_description/package.sh'
[0.724s] INFO:colcon.colcon_core.shell:Creating package script '/home/sally/doingthis_again/install/arm_description/share/arm_description/package.bash'
[0.726s] INFO:colcon.colcon_core.shell:Creating package script '/home/sally/doingthis_again/install/arm_description/share/arm_description/package.zsh'
[0.727s] Level 1:colcon.colcon_core.environment:create_file_with_runtime_dependencies(/home/sally/doingthis_again/install/arm_description/share/colcon-core/packages/arm_description)
[0.754s] Level 1:colcon.colcon_core.environment:create_environment_scripts_only(arm_description)
[0.754s] Level 1:colcon.colcon_core.environment:checking '/home/sally/doingthis_again/install/arm_description' for CMake module files
[0.755s] Level 1:colcon.colcon_core.environment:checking '/home/sally/doingthis_again/install/arm_description' for CMake config files
[0.755s] Level 1:colcon.colcon_core.shell:create_environment_hook('arm_description', 'cmake_prefix_path')
[0.755s] INFO:colcon.colcon_core.shell:Creating environment hook '/home/sally/doingthis_again/install/arm_description/share/arm_description/hook/cmake_prefix_path.ps1'
[0.756s] INFO:colcon.colcon_core.shell:Creating environment descriptor '/home/sally/doingthis_again/install/arm_description/share/arm_description/hook/cmake_prefix_path.dsv'
[0.756s] INFO:colcon.colcon_core.shell:Creating environment hook '/home/sally/doingthis_again/install/arm_description/share/arm_description/hook/cmake_prefix_path.sh'
[0.757s] Level 1:colcon.colcon_core.environment:checking '/home/sally/doingthis_again/install/arm_description/bin'
[0.757s] Level 1:colcon.colcon_core.environment:checking '/home/sally/doingthis_again/install/arm_description/lib/pkgconfig/arm_description.pc'
[0.757s] Level 1:colcon.colcon_core.environment:checking '/home/sally/doingthis_again/install/arm_description/lib/python3.10/site-packages'
[0.758s] Level 1:colcon.colcon_core.environment:checking '/home/sally/doingthis_again/install/arm_description/bin'
[0.758s] INFO:colcon.colcon_core.shell:Creating package script '/home/sally/doingthis_again/install/arm_description/share/arm_description/package.ps1'
[0.759s] INFO:colcon.colcon_core.shell:Creating package descriptor '/home/sally/doingthis_again/install/arm_description/share/arm_description/package.dsv'
[0.759s] INFO:colcon.colcon_core.shell:Creating package script '/home/sally/doingthis_again/install/arm_description/share/arm_description/package.sh'
[0.760s] INFO:colcon.colcon_core.shell:Creating package script '/home/sally/doingthis_again/install/arm_description/share/arm_description/package.bash'
[0.760s] INFO:colcon.colcon_core.shell:Creating package script '/home/sally/doingthis_again/install/arm_description/share/arm_description/package.zsh'
[0.761s] Level 1:colcon.colcon_core.environment:create_file_with_runtime_dependencies(/home/sally/doingthis_again/install/arm_description/share/colcon-core/packages/arm_description)
[1.627s] DEBUG:colcon.colcon_core.event_handler.log_command:Invoked command in '/home/sally/doingthis_again/build/assembly_controller' returned '0': CMAKE_PREFIX_PATH=${CMAKE_PREFIX_PATH}:/opt/ros/humble /usr/bin/cmake /home/sally/doingthis_again/src/assembly_controller -DCMAKE_INSTALL_PREFIX=/home/sally/doingthis_again/install/assembly_controller
[1.633s] DEBUG:colcon.colcon_core.event_handler.log_command:Invoking command in '/home/sally/doingthis_again/build/assembly_controller': CMAKE_PREFIX_PATH=${CMAKE_PREFIX_PATH}:/opt/ros/humble /usr/bin/cmake --build /home/sally/doingthis_again/build/assembly_controller -- -j4 -l4
[1.682s] DEBUG:colcon.colcon_core.event_handler.log_command:Invoked command in '/home/sally/doingthis_again/build/assembly_controller' returned '0': CMAKE_PREFIX_PATH=${CMAKE_PREFIX_PATH}:/opt/ros/humble /usr/bin/cmake --build /home/sally/doingthis_again/build/assembly_controller -- -j4 -l4
[1.714s] DEBUG:colcon.colcon_core.event_handler.log_command:Invoking command in '/home/sally/doingthis_again/build/assembly_controller': CMAKE_PREFIX_PATH=${CMAKE_PREFIX_PATH}:/opt/ros/humble /usr/bin/cmake --install /home/sally/doingthis_again/build/assembly_controller
[1.734s] Level 1:colcon.colcon_core.environment:create_environment_scripts_only(assembly_controller)
[1.735s] Level 1:colcon.colcon_core.environment:checking '/home/sally/doingthis_again/install/assembly_controller' for CMake module files
[1.738s] DEBUG:colcon.colcon_core.event_handler.log_command:Invoked command in '/home/sally/doingthis_again/build/assembly_controller' returned '0': CMAKE_PREFIX_PATH=${CMAKE_PREFIX_PATH}:/opt/ros/humble /usr/bin/cmake --install /home/sally/doingthis_again/build/assembly_controller
[1.740s] Level 1:colcon.colcon_core.environment:checking '/home/sally/doingthis_again/install/assembly_controller' for CMake config files
[1.740s] Level 1:colcon.colcon_core.shell:create_environment_hook('assembly_controller', 'cmake_prefix_path')
[1.742s] INFO:colcon.colcon_core.shell:Creating environment hook '/home/sally/doingthis_again/install/assembly_controller/share/assembly_controller/hook/cmake_prefix_path.ps1'
[1.743s] INFO:colcon.colcon_core.shell:Creating environment descriptor '/home/sally/doingthis_again/install/assembly_controller/share/assembly_controller/hook/cmake_prefix_path.dsv'
[1.745s] INFO:colcon.colcon_core.shell:Creating environment hook '/home/sally/doingthis_again/install/assembly_controller/share/assembly_controller/hook/cmake_prefix_path.sh'
[1.747s] Level 1:colcon.colcon_core.environment:checking '/home/sally/doingthis_again/install/assembly_controller/bin'
[1.747s] Level 1:colcon.colcon_core.environment:checking '/home/sally/doingthis_again/install/assembly_controller/lib/pkgconfig/assembly_controller.pc'
[1.749s] Level 1:colcon.colcon_core.environment:checking '/home/sally/doingthis_again/install/assembly_controller/lib/python3.10/site-packages'
[1.750s] Level 1:colcon.colcon_core.environment:checking '/home/sally/doingthis_again/install/assembly_controller/bin'
[1.752s] INFO:colcon.colcon_core.shell:Creating package script '/home/sally/doingthis_again/install/assembly_controller/share/assembly_controller/package.ps1'
[1.754s] INFO:colcon.colcon_core.shell:Creating package descriptor '/home/sally/doingthis_again/install/assembly_controller/share/assembly_controller/package.dsv'
[1.756s] INFO:colcon.colcon_core.shell:Creating package script '/home/sally/doingthis_again/install/assembly_controller/share/assembly_controller/package.sh'
[1.757s] INFO:colcon.colcon_core.shell:Creating package script '/home/sally/doingthis_again/install/assembly_controller/share/assembly_controller/package.bash'
[1.759s] INFO:colcon.colcon_core.shell:Creating package script '/home/sally/doingthis_again/install/assembly_controller/share/assembly_controller/package.zsh'
[1.760s] Level 1:colcon.colcon_core.environment:create_file_with_runtime_dependencies(/home/sally/doingthis_again/install/assembly_controller/share/colcon-core/packages/assembly_controller)
[1.794s] Level 1:colcon.colcon_core.environment:create_environment_scripts_only(assembly_controller)
[1.794s] Level 1:colcon.colcon_core.environment:checking '/home/sally/doingthis_again/install/assembly_controller' for CMake module files
[1.795s] Level 1:colcon.colcon_core.environment:checking '/home/sally/doingthis_again/install/assembly_controller' for CMake config files
[1.795s] Level 1:colcon.colcon_core.shell:create_environment_hook('assembly_controller', 'cmake_prefix_path')
[1.796s] INFO:colcon.colcon_core.shell:Creating environment hook '/home/sally/doingthis_again/install/assembly_controller/share/assembly_controller/hook/cmake_prefix_path.ps1'
[1.796s] INFO:colcon.colcon_core.shell:Creating environment descriptor '/home/sally/doingthis_again/install/assembly_controller/share/assembly_controller/hook/cmake_prefix_path.dsv'
[1.797s] INFO:colcon.colcon_core.shell:Creating environment hook '/home/sally/doingthis_again/install/assembly_controller/share/assembly_controller/hook/cmake_prefix_path.sh'
[1.798s] Level 1:colcon.colcon_core.environment:checking '/home/sally/doingthis_again/install/assembly_controller/bin'
[1.798s] Level 1:colcon.colcon_core.environment:checking '/home/sally/doingthis_again/install/assembly_controller/lib/pkgconfig/assembly_controller.pc'
[1.798s] Level 1:colcon.colcon_core.environment:checking '/home/sally/doingthis_again/install/assembly_controller/lib/python3.10/site-packages'
[1.799s] Level 1:colcon.colcon_core.environment:checking '/home/sally/doingthis_again/install/assembly_controller/bin'
[1.799s] INFO:colcon.colcon_core.shell:Creating package script '/home/sally/doingthis_again/install/assembly_controller/share/assembly_controller/package.ps1'
[1.800s] INFO:colcon.colcon_core.shell:Creating package descriptor '/home/sally/doingthis_again/install/assembly_controller/share/assembly_controller/package.dsv'
[1.801s] INFO:colcon.colcon_core.shell:Creating package script '/home/sally/doingthis_again/install/assembly_controller/share/assembly_controller/package.sh'
[1.801s] INFO:colcon.colcon_core.shell:Creating package script '/home/sally/doingthis_again/install/assembly_controller/share/assembly_controller/package.bash'
[1.802s] INFO:colcon.colcon_core.shell:Creating package script '/home/sally/doingthis_again/install/assembly_controller/share/assembly_controller/package.zsh'
[1.802s] Level 1:colcon.colcon_core.environment:create_file_with_runtime_dependencies(/home/sally/doingthis_again/install/assembly_controller/share/colcon-core/packages/assembly_controller)
[1.803s] DEBUG:colcon.colcon_parallel_executor.executor.parallel:closing loop
[1.804s] DEBUG:colcon.colcon_parallel_executor.executor.parallel:loop closed
[1.804s] DEBUG:colcon.colcon_parallel_executor.executor.parallel:run_until_complete finished with '0'
[1.804s] DEBUG:colcon.colcon_core.event_reactor:joining thread
[1.813s] INFO:colcon.colcon_core.plugin_system:Skipping extension 'colcon_notification.desktop_notification.terminal_notifier': Not used on non-Darwin systems
[1.813s] INFO:colcon.colcon_core.plugin_system:Skipping extension 'colcon_notification.desktop_notification.win32': Not used on non-Windows systems
[1.813s] INFO:colcon.colcon_notification.desktop_notification:Sending desktop notification using 'notify2'
[1.848s] DEBUG:colcon.colcon_core.event_reactor:joined thread
[1.849s] INFO:colcon.colcon_core.shell:Creating prefix script '/home/sally/doingthis_again/install/local_setup.ps1'
[1.852s] INFO:colcon.colcon_core.shell:Creating prefix util module '/home/sally/doingthis_again/install/_local_setup_util_ps1.py'
[1.858s] INFO:colcon.colcon_core.shell:Creating prefix chain script '/home/sally/doingthis_again/install/setup.ps1'
[1.862s] INFO:colcon.colcon_core.shell:Creating prefix script '/home/sally/doingthis_again/install/local_setup.sh'
[1.864s] INFO:colcon.colcon_core.shell:Creating prefix util module '/home/sally/doingthis_again/install/_local_setup_util_sh.py'
[1.866s] INFO:colcon.colcon_core.shell:Creating prefix chain script '/home/sally/doingthis_again/install/setup.sh'
[1.872s] INFO:colcon.colcon_core.shell:Creating prefix script '/home/sally/doingthis_again/install/local_setup.bash'
[1.874s] INFO:colcon.colcon_core.shell:Creating prefix chain script '/home/sally/doingthis_again/install/setup.bash'
[1.877s] INFO:colcon.colcon_core.shell:Creating prefix script '/home/sally/doingthis_again/install/local_setup.zsh'
[1.878s] INFO:colcon.colcon_core.shell:Creating prefix chain script '/home/sally/doingthis_again/install/setup.zsh'
