-- Install configuration: ""
-- Up-to-date: /home/sally/doingthis_again/install/assembly_controller/share/assembly_controller/config
-- Up-to-date: /home/sally/doingthis_again/install/assembly_controller/share/assembly_controller/config/arm_controllers.yaml
-- Up-to-date: /home/sally/doingthis_again/install/assembly_controller/share/assembly_controller/launch
-- Up-to-date: /home/sally/doingthis_again/install/assembly_controller/share/assembly_controller/launch/robot.launch.py
-- Up-to-date: /home/sally/doingthis_again/install/assembly_controller/share/ament_index/resource_index/package_run_dependencies/assembly_controller
-- Up-to-date: /home/sally/doingthis_again/install/assembly_controller/share/ament_index/resource_index/parent_prefix_path/assembly_controller
-- Up-to-date: /home/sally/doingthis_again/install/assembly_controller/share/assembly_controller/environment/ament_prefix_path.sh
-- Up-to-date: /home/sally/doingthis_again/install/assembly_controller/share/assembly_controller/environment/ament_prefix_path.dsv
-- Up-to-date: /home/sally/doingthis_again/install/assembly_controller/share/assembly_controller/environment/path.sh
-- Up-to-date: /home/sally/doingthis_again/install/assembly_controller/share/assembly_controller/environment/path.dsv
-- Up-to-date: /home/sally/doingthis_again/install/assembly_controller/share/assembly_controller/local_setup.bash
-- Up-to-date: /home/sally/doingthis_again/install/assembly_controller/share/assembly_controller/local_setup.sh
-- Up-to-date: /home/sally/doingthis_again/install/assembly_controller/share/assembly_controller/local_setup.zsh
-- Up-to-date: /home/sally/doingthis_again/install/assembly_controller/share/assembly_controller/local_setup.dsv
-- Installing: /home/sally/doingthis_again/install/assembly_controller/share/assembly_controller/package.dsv
-- Up-to-date: /home/sally/doingthis_again/install/assembly_controller/share/ament_index/resource_index/packages/assembly_controller
-- Up-to-date: /home/sally/doingthis_again/install/assembly_controller/share/assembly_controller/cmake/assembly_controllerConfig.cmake
-- Up-to-date: /home/sally/doingthis_again/install/assembly_controller/share/assembly_controller/cmake/assembly_controllerConfig-version.cmake
-- Up-to-date: /home/sally/doingthis_again/install/assembly_controller/share/assembly_controller/package.xml
