[0.168s] DEBUG:colcon:Command line arguments: ['/usr/bin/colcon', 'build']
[0.168s] DEBUG:colcon:Parsed command line arguments: Namespace(log_base=None, log_level=None, verb_name='build', build_base='build', install_base='install', merge_install=False, symlink_install=False, test_result_base=None, continue_on_error=False, executor='parallel', parallel_workers=4, event_handlers=None, ignore_user_meta=False, metas=['./colcon.meta'], base_paths=['.'], packages_ignore=None, packages_ignore_regex=None, paths=None, packages_up_to=None, packages_up_to_regex=None, packages_above=None, packages_above_and_dependencies=None, packages_above_depth=None, packages_select_by_dep=None, packages_skip_by_dep=None, packages_skip_up_to=None, packages_select_build_failed=False, packages_skip_build_finished=False, packages_select_test_failures=False, packages_skip_test_passed=False, packages_select=None, packages_skip=None, packages_select_regex=None, packages_skip_regex=None, packages_start=None, packages_end=None, allow_overriding=[], cmake_args=None, cmake_target=None, cmake_target_skip_unavailable=False, cmake_clean_cache=False, cmake_clean_first=False, cmake_force_configure=False, ament_cmake_args=None, catkin_cmake_args=None, catkin_skip_building_tests=False, mixin_files=None, mixin=None, verb_parser=<colcon_mixin.mixin.mixin_argument.MixinArgumentDecorator object at 0x780c2a1e07c0>, verb_extension=<colcon_core.verb.build.BuildVerb object at 0x780c2a37ce20>, main=<bound method BuildVerb.main of <colcon_core.verb.build.BuildVerb object at 0x780c2a37ce20>>, mixin_verb=('build',))
[0.447s] Level 1:colcon.colcon_core.package_discovery:discover_packages(colcon_meta) check parameters
[0.447s] Level 1:colcon.colcon_core.package_discovery:discover_packages(recursive) check parameters
[0.447s] Level 1:colcon.colcon_core.package_discovery:discover_packages(ignore) check parameters
[0.447s] Level 1:colcon.colcon_core.package_discovery:discover_packages(path) check parameters
[0.447s] Level 1:colcon.colcon_core.package_discovery:discover_packages(colcon_meta) discover
[0.447s] Level 1:colcon.colcon_core.package_discovery:discover_packages(recursive) discover
[0.447s] INFO:colcon.colcon_core.package_discovery:Crawling recursively for packages in '/home/sally/doingthis_again'
[0.447s] Level 1:colcon.colcon_core.package_identification:_identify(.) by extensions ['ignore', 'ignore_ament_install']
[0.447s] Level 1:colcon.colcon_core.package_identification:_identify(.) by extension 'ignore'
[0.447s] Level 1:colcon.colcon_core.package_identification:_identify(.) by extension 'ignore_ament_install'
[0.447s] Level 1:colcon.colcon_core.package_identification:_identify(.) by extensions ['colcon_pkg']
[0.447s] Level 1:colcon.colcon_core.package_identification:_identify(.) by extension 'colcon_pkg'
[0.447s] Level 1:colcon.colcon_core.package_identification:_identify(.) by extensions ['colcon_meta']
[0.448s] Level 1:colcon.colcon_core.package_identification:_identify(.) by extension 'colcon_meta'
[0.448s] Level 1:colcon.colcon_core.package_identification:_identify(.) by extensions ['ros']
[0.448s] Level 1:colcon.colcon_core.package_identification:_identify(.) by extension 'ros'
[0.462s] Level 1:colcon.colcon_core.package_identification:_identify(.) by extensions ['cmake', 'python']
[0.462s] Level 1:colcon.colcon_core.package_identification:_identify(.) by extension 'cmake'
[0.462s] Level 1:colcon.colcon_core.package_identification:_identify(.) by extension 'python'
[0.462s] Level 1:colcon.colcon_core.package_identification:_identify(.) by extensions ['python_setup_py']
[0.462s] Level 1:colcon.colcon_core.package_identification:_identify(.) by extension 'python_setup_py'
[0.462s] Level 1:colcon.colcon_core.package_identification:_identify(build) by extensions ['ignore', 'ignore_ament_install']
[0.462s] Level 1:colcon.colcon_core.package_identification:_identify(build) by extension 'ignore'
[0.462s] Level 1:colcon.colcon_core.package_identification:_identify(build) ignored
[0.462s] Level 1:colcon.colcon_core.package_identification:_identify(install) by extensions ['ignore', 'ignore_ament_install']
[0.463s] Level 1:colcon.colcon_core.package_identification:_identify(install) by extension 'ignore'
[0.463s] Level 1:colcon.colcon_core.package_identification:_identify(install) ignored
[0.463s] Level 1:colcon.colcon_core.package_identification:_identify(log) by extensions ['ignore', 'ignore_ament_install']
[0.463s] Level 1:colcon.colcon_core.package_identification:_identify(log) by extension 'ignore'
[0.463s] Level 1:colcon.colcon_core.package_identification:_identify(log) ignored
[0.463s] Level 1:colcon.colcon_core.package_identification:_identify(src) by extensions ['ignore', 'ignore_ament_install']
[0.463s] Level 1:colcon.colcon_core.package_identification:_identify(src) by extension 'ignore'
[0.463s] Level 1:colcon.colcon_core.package_identification:_identify(src) by extension 'ignore_ament_install'
[0.463s] Level 1:colcon.colcon_core.package_identification:_identify(src) by extensions ['colcon_pkg']
[0.463s] Level 1:colcon.colcon_core.package_identification:_identify(src) by extension 'colcon_pkg'
[0.463s] Level 1:colcon.colcon_core.package_identification:_identify(src) by extensions ['colcon_meta']
[0.463s] Level 1:colcon.colcon_core.package_identification:_identify(src) by extension 'colcon_meta'
[0.464s] Level 1:colcon.colcon_core.package_identification:_identify(src) by extensions ['ros']
[0.464s] Level 1:colcon.colcon_core.package_identification:_identify(src) by extension 'ros'
[0.464s] Level 1:colcon.colcon_core.package_identification:_identify(src) by extensions ['cmake', 'python']
[0.464s] Level 1:colcon.colcon_core.package_identification:_identify(src) by extension 'cmake'
[0.464s] Level 1:colcon.colcon_core.package_identification:_identify(src) by extension 'python'
[0.464s] Level 1:colcon.colcon_core.package_identification:_identify(src) by extensions ['python_setup_py']
[0.464s] Level 1:colcon.colcon_core.package_identification:_identify(src) by extension 'python_setup_py'
[0.464s] Level 1:colcon.colcon_core.package_identification:_identify(src/arm_description) by extensions ['ignore', 'ignore_ament_install']
[0.464s] Level 1:colcon.colcon_core.package_identification:_identify(src/arm_description) by extension 'ignore'
[0.464s] Level 1:colcon.colcon_core.package_identification:_identify(src/arm_description) by extension 'ignore_ament_install'
[0.464s] Level 1:colcon.colcon_core.package_identification:_identify(src/arm_description) by extensions ['colcon_pkg']
[0.464s] Level 1:colcon.colcon_core.package_identification:_identify(src/arm_description) by extension 'colcon_pkg'
[0.464s] Level 1:colcon.colcon_core.package_identification:_identify(src/arm_description) by extensions ['colcon_meta']
[0.465s] Level 1:colcon.colcon_core.package_identification:_identify(src/arm_description) by extension 'colcon_meta'
[0.465s] Level 1:colcon.colcon_core.package_identification:_identify(src/arm_description) by extensions ['ros']
[0.465s] Level 1:colcon.colcon_core.package_identification:_identify(src/arm_description) by extension 'ros'
[0.468s] DEBUG:colcon.colcon_core.package_identification:Package 'src/arm_description' with type 'ros.ament_cmake' and name 'arm_description'
[0.468s] Level 1:colcon.colcon_core.package_identification:_identify(src/assembly_controller) by extensions ['ignore', 'ignore_ament_install']
[0.468s] Level 1:colcon.colcon_core.package_identification:_identify(src/assembly_controller) by extension 'ignore'
[0.468s] Level 1:colcon.colcon_core.package_identification:_identify(src/assembly_controller) by extension 'ignore_ament_install'
[0.468s] Level 1:colcon.colcon_core.package_identification:_identify(src/assembly_controller) by extensions ['colcon_pkg']
[0.468s] Level 1:colcon.colcon_core.package_identification:_identify(src/assembly_controller) by extension 'colcon_pkg'
[0.468s] Level 1:colcon.colcon_core.package_identification:_identify(src/assembly_controller) by extensions ['colcon_meta']
[0.468s] Level 1:colcon.colcon_core.package_identification:_identify(src/assembly_controller) by extension 'colcon_meta'
[0.469s] Level 1:colcon.colcon_core.package_identification:_identify(src/assembly_controller) by extensions ['ros']
[0.469s] Level 1:colcon.colcon_core.package_identification:_identify(src/assembly_controller) by extension 'ros'
[0.469s] DEBUG:colcon.colcon_core.package_identification:Package 'src/assembly_controller' with type 'ros.ament_cmake' and name 'assembly_controller'
[0.469s] Level 1:colcon.colcon_core.package_identification:_identify(src/moveit_assembly) by extensions ['ignore', 'ignore_ament_install']
[0.469s] Level 1:colcon.colcon_core.package_identification:_identify(src/moveit_assembly) by extension 'ignore'
[0.469s] Level 1:colcon.colcon_core.package_identification:_identify(src/moveit_assembly) by extension 'ignore_ament_install'
[0.470s] Level 1:colcon.colcon_core.package_identification:_identify(src/moveit_assembly) by extensions ['colcon_pkg']
[0.470s] Level 1:colcon.colcon_core.package_identification:_identify(src/moveit_assembly) by extension 'colcon_pkg'
[0.470s] Level 1:colcon.colcon_core.package_identification:_identify(src/moveit_assembly) by extensions ['colcon_meta']
[0.470s] Level 1:colcon.colcon_core.package_identification:_identify(src/moveit_assembly) by extension 'colcon_meta'
[0.470s] Level 1:colcon.colcon_core.package_identification:_identify(src/moveit_assembly) by extensions ['ros']
[0.470s] Level 1:colcon.colcon_core.package_identification:_identify(src/moveit_assembly) by extension 'ros'
[0.470s] DEBUG:colcon.colcon_core.package_identification:Package 'src/moveit_assembly' with type 'ros.ament_cmake' and name 'moveit_assembly'
[0.470s] Level 1:colcon.colcon_core.package_discovery:discover_packages(recursive) using defaults
[0.471s] Level 1:colcon.colcon_core.package_discovery:discover_packages(ignore) discover
[0.471s] Level 1:colcon.colcon_core.package_discovery:discover_packages(ignore) using defaults
[0.471s] Level 1:colcon.colcon_core.package_discovery:discover_packages(path) discover
[0.471s] Level 1:colcon.colcon_core.package_discovery:discover_packages(path) using defaults
[0.510s] Level 1:colcon.colcon_core.package_discovery:discover_packages(prefix_path) check parameters
[0.510s] Level 1:colcon.colcon_core.package_discovery:discover_packages(prefix_path) discover
[0.512s] DEBUG:colcon.colcon_installed_package_information.package_discovery:Found 3 installed packages in /home/sally/doingthis_again/install
[0.515s] DEBUG:colcon.colcon_installed_package_information.package_discovery:Found 387 installed packages in /opt/ros/humble
[0.518s] Level 1:colcon.colcon_core.package_discovery:discover_packages(prefix_path) using defaults
[0.594s] Level 5:colcon.colcon_core.verb:set package 'arm_description' build argument 'cmake_args' from command line to 'None'
[0.594s] Level 5:colcon.colcon_core.verb:set package 'arm_description' build argument 'cmake_target' from command line to 'None'
[0.594s] Level 5:colcon.colcon_core.verb:set package 'arm_description' build argument 'cmake_target_skip_unavailable' from command line to 'False'
[0.594s] Level 5:colcon.colcon_core.verb:set package 'arm_description' build argument 'cmake_clean_cache' from command line to 'False'
[0.594s] Level 5:colcon.colcon_core.verb:set package 'arm_description' build argument 'cmake_clean_first' from command line to 'False'
[0.595s] Level 5:colcon.colcon_core.verb:set package 'arm_description' build argument 'cmake_force_configure' from command line to 'False'
[0.595s] Level 5:colcon.colcon_core.verb:set package 'arm_description' build argument 'ament_cmake_args' from command line to 'None'
[0.595s] Level 5:colcon.colcon_core.verb:set package 'arm_description' build argument 'catkin_cmake_args' from command line to 'None'
[0.595s] Level 5:colcon.colcon_core.verb:set package 'arm_description' build argument 'catkin_skip_building_tests' from command line to 'False'
[0.595s] DEBUG:colcon.colcon_core.verb:Building package 'arm_description' with the following arguments: {'ament_cmake_args': None, 'build_base': '/home/sally/doingthis_again/build/arm_description', 'catkin_cmake_args': None, 'catkin_skip_building_tests': False, 'cmake_args': None, 'cmake_clean_cache': False, 'cmake_clean_first': False, 'cmake_force_configure': False, 'cmake_target': None, 'cmake_target_skip_unavailable': False, 'install_base': '/home/sally/doingthis_again/install/arm_description', 'merge_install': False, 'path': '/home/sally/doingthis_again/src/arm_description', 'symlink_install': False, 'test_result_base': None}
[0.595s] Level 5:colcon.colcon_core.verb:set package 'assembly_controller' build argument 'cmake_args' from command line to 'None'
[0.595s] Level 5:colcon.colcon_core.verb:set package 'assembly_controller' build argument 'cmake_target' from command line to 'None'
[0.595s] Level 5:colcon.colcon_core.verb:set package 'assembly_controller' build argument 'cmake_target_skip_unavailable' from command line to 'False'
[0.595s] Level 5:colcon.colcon_core.verb:set package 'assembly_controller' build argument 'cmake_clean_cache' from command line to 'False'
[0.595s] Level 5:colcon.colcon_core.verb:set package 'assembly_controller' build argument 'cmake_clean_first' from command line to 'False'
[0.595s] Level 5:colcon.colcon_core.verb:set package 'assembly_controller' build argument 'cmake_force_configure' from command line to 'False'
[0.595s] Level 5:colcon.colcon_core.verb:set package 'assembly_controller' build argument 'ament_cmake_args' from command line to 'None'
[0.595s] Level 5:colcon.colcon_core.verb:set package 'assembly_controller' build argument 'catkin_cmake_args' from command line to 'None'
[0.595s] Level 5:colcon.colcon_core.verb:set package 'assembly_controller' build argument 'catkin_skip_building_tests' from command line to 'False'
[0.596s] DEBUG:colcon.colcon_core.verb:Building package 'assembly_controller' with the following arguments: {'ament_cmake_args': None, 'build_base': '/home/sally/doingthis_again/build/assembly_controller', 'catkin_cmake_args': None, 'catkin_skip_building_tests': False, 'cmake_args': None, 'cmake_clean_cache': False, 'cmake_clean_first': False, 'cmake_force_configure': False, 'cmake_target': None, 'cmake_target_skip_unavailable': False, 'install_base': '/home/sally/doingthis_again/install/assembly_controller', 'merge_install': False, 'path': '/home/sally/doingthis_again/src/assembly_controller', 'symlink_install': False, 'test_result_base': None}
[0.596s] Level 5:colcon.colcon_core.verb:set package 'moveit_assembly' build argument 'cmake_args' from command line to 'None'
[0.596s] Level 5:colcon.colcon_core.verb:set package 'moveit_assembly' build argument 'cmake_target' from command line to 'None'
[0.596s] Level 5:colcon.colcon_core.verb:set package 'moveit_assembly' build argument 'cmake_target_skip_unavailable' from command line to 'False'
[0.596s] Level 5:colcon.colcon_core.verb:set package 'moveit_assembly' build argument 'cmake_clean_cache' from command line to 'False'
[0.596s] Level 5:colcon.colcon_core.verb:set package 'moveit_assembly' build argument 'cmake_clean_first' from command line to 'False'
[0.596s] Level 5:colcon.colcon_core.verb:set package 'moveit_assembly' build argument 'cmake_force_configure' from command line to 'False'
[0.596s] Level 5:colcon.colcon_core.verb:set package 'moveit_assembly' build argument 'ament_cmake_args' from command line to 'None'
[0.596s] Level 5:colcon.colcon_core.verb:set package 'moveit_assembly' build argument 'catkin_cmake_args' from command line to 'None'
[0.596s] Level 5:colcon.colcon_core.verb:set package 'moveit_assembly' build argument 'catkin_skip_building_tests' from command line to 'False'
[0.596s] DEBUG:colcon.colcon_core.verb:Building package 'moveit_assembly' with the following arguments: {'ament_cmake_args': None, 'build_base': '/home/sally/doingthis_again/build/moveit_assembly', 'catkin_cmake_args': None, 'catkin_skip_building_tests': False, 'cmake_args': None, 'cmake_clean_cache': False, 'cmake_clean_first': False, 'cmake_force_configure': False, 'cmake_target': None, 'cmake_target_skip_unavailable': False, 'install_base': '/home/sally/doingthis_again/install/moveit_assembly', 'merge_install': False, 'path': '/home/sally/doingthis_again/src/moveit_assembly', 'symlink_install': False, 'test_result_base': None}
[0.597s] INFO:colcon.colcon_core.executor:Executing jobs using 'parallel' executor
[0.599s] DEBUG:colcon.colcon_parallel_executor.executor.parallel:run_until_complete
[0.599s] INFO:colcon.colcon_ros.task.ament_cmake.build:Building ROS package in '/home/sally/doingthis_again/src/arm_description' with build type 'ament_cmake'
[0.599s] INFO:colcon.colcon_cmake.task.cmake.build:Building CMake package in '/home/sally/doingthis_again/src/arm_description'
[0.602s] INFO:colcon.colcon_core.plugin_system:Skipping extension 'colcon_core.shell.bat': Not used on non-Windows systems
[0.602s] INFO:colcon.colcon_core.shell:Skip shell extension 'powershell' for command environment: Not usable outside of PowerShell
[0.602s] DEBUG:colcon.colcon_core.shell:Skip shell extension 'dsv' for command environment
[0.607s] INFO:colcon.colcon_ros.task.ament_cmake.build:Building ROS package in '/home/sally/doingthis_again/src/assembly_controller' with build type 'ament_cmake'
[0.608s] INFO:colcon.colcon_cmake.task.cmake.build:Building CMake package in '/home/sally/doingthis_again/src/assembly_controller'
[0.608s] INFO:colcon.colcon_core.shell:Skip shell extension 'powershell' for command environment: Not usable outside of PowerShell
[0.608s] DEBUG:colcon.colcon_core.shell:Skip shell extension 'dsv' for command environment
[0.614s] INFO:colcon.colcon_ros.task.ament_cmake.build:Building ROS package in '/home/sally/doingthis_again/src/moveit_assembly' with build type 'ament_cmake'
[0.614s] INFO:colcon.colcon_cmake.task.cmake.build:Building CMake package in '/home/sally/doingthis_again/src/moveit_assembly'
[0.615s] INFO:colcon.colcon_core.shell:Skip shell extension 'powershell' for command environment: Not usable outside of PowerShell
[0.615s] DEBUG:colcon.colcon_core.shell:Skip shell extension 'dsv' for command environment
[0.628s] DEBUG:colcon.colcon_core.event_handler.log_command:Invoking command in '/home/sally/doingthis_again/build/arm_description': CMAKE_PREFIX_PATH=${CMAKE_PREFIX_PATH}:/opt/ros/humble /usr/bin/cmake --build /home/sally/doingthis_again/build/arm_description -- -j4 -l4
[0.634s] DEBUG:colcon.colcon_core.event_handler.log_command:Invoking command in '/home/sally/doingthis_again/build/assembly_controller': CMAKE_PREFIX_PATH=${CMAKE_PREFIX_PATH}:/opt/ros/humble /usr/bin/cmake --build /home/sally/doingthis_again/build/assembly_controller -- -j4 -l4
[0.642s] DEBUG:colcon.colcon_core.event_handler.log_command:Invoking command in '/home/sally/doingthis_again/build/moveit_assembly': CMAKE_PREFIX_PATH=${CMAKE_PREFIX_PATH}:/opt/ros/humble /usr/bin/cmake --build /home/sally/doingthis_again/build/moveit_assembly -- -j4 -l4
[0.689s] DEBUG:colcon.colcon_core.event_handler.log_command:Invoked command in '/home/sally/doingthis_again/build/arm_description' returned '0': CMAKE_PREFIX_PATH=${CMAKE_PREFIX_PATH}:/opt/ros/humble /usr/bin/cmake --build /home/sally/doingthis_again/build/arm_description -- -j4 -l4
[0.694s] DEBUG:colcon.colcon_core.event_handler.log_command:Invoked command in '/home/sally/doingthis_again/build/moveit_assembly' returned '0': CMAKE_PREFIX_PATH=${CMAKE_PREFIX_PATH}:/opt/ros/humble /usr/bin/cmake --build /home/sally/doingthis_again/build/moveit_assembly -- -j4 -l4
[0.697s] DEBUG:colcon.colcon_core.event_handler.log_command:Invoked command in '/home/sally/doingthis_again/build/assembly_controller' returned '0': CMAKE_PREFIX_PATH=${CMAKE_PREFIX_PATH}:/opt/ros/humble /usr/bin/cmake --build /home/sally/doingthis_again/build/assembly_controller -- -j4 -l4
[0.735s] DEBUG:colcon.colcon_core.event_handler.log_command:Invoking command in '/home/sally/doingthis_again/build/arm_description': CMAKE_PREFIX_PATH=${CMAKE_PREFIX_PATH}:/opt/ros/humble /usr/bin/cmake --install /home/sally/doingthis_again/build/arm_description
[0.738s] DEBUG:colcon.colcon_core.event_handler.log_command:Invoking command in '/home/sally/doingthis_again/build/assembly_controller': CMAKE_PREFIX_PATH=${CMAKE_PREFIX_PATH}:/opt/ros/humble /usr/bin/cmake --install /home/sally/doingthis_again/build/assembly_controller
[0.741s] DEBUG:colcon.colcon_core.event_handler.log_command:Invoking command in '/home/sally/doingthis_again/build/moveit_assembly': CMAKE_PREFIX_PATH=${CMAKE_PREFIX_PATH}:/opt/ros/humble /usr/bin/cmake --install /home/sally/doingthis_again/build/moveit_assembly
[0.755s] Level 1:colcon.colcon_core.environment:create_environment_scripts_only(arm_description)
[0.763s] DEBUG:colcon.colcon_core.event_handler.log_command:Invoked command in '/home/sally/doingthis_again/build/arm_description' returned '0': CMAKE_PREFIX_PATH=${CMAKE_PREFIX_PATH}:/opt/ros/humble /usr/bin/cmake --install /home/sally/doingthis_again/build/arm_description
[0.765s] Level 1:colcon.colcon_core.environment:checking '/home/sally/doingthis_again/install/arm_description' for CMake module files
[0.766s] Level 1:colcon.colcon_core.environment:checking '/home/sally/doingthis_again/install/arm_description' for CMake config files
[0.766s] Level 1:colcon.colcon_core.shell:create_environment_hook('arm_description', 'cmake_prefix_path')
[0.766s] INFO:colcon.colcon_core.shell:Creating environment hook '/home/sally/doingthis_again/install/arm_description/share/arm_description/hook/cmake_prefix_path.ps1'
[0.767s] INFO:colcon.colcon_core.shell:Creating environment descriptor '/home/sally/doingthis_again/install/arm_description/share/arm_description/hook/cmake_prefix_path.dsv'
[0.768s] INFO:colcon.colcon_core.shell:Creating environment hook '/home/sally/doingthis_again/install/arm_description/share/arm_description/hook/cmake_prefix_path.sh'
[0.769s] Level 1:colcon.colcon_core.environment:checking '/home/sally/doingthis_again/install/arm_description/bin'
[0.769s] Level 1:colcon.colcon_core.environment:checking '/home/sally/doingthis_again/install/arm_description/lib/pkgconfig/arm_description.pc'
[0.769s] Level 1:colcon.colcon_core.environment:checking '/home/sally/doingthis_again/install/arm_description/lib/python3.10/site-packages'
[0.770s] Level 1:colcon.colcon_core.environment:checking '/home/sally/doingthis_again/install/arm_description/bin'
[0.770s] INFO:colcon.colcon_core.shell:Creating package script '/home/sally/doingthis_again/install/arm_description/share/arm_description/package.ps1'
[0.771s] INFO:colcon.colcon_core.shell:Creating package descriptor '/home/sally/doingthis_again/install/arm_description/share/arm_description/package.dsv'
[0.771s] INFO:colcon.colcon_core.shell:Creating package script '/home/sally/doingthis_again/install/arm_description/share/arm_description/package.sh'
[0.772s] INFO:colcon.colcon_core.shell:Creating package script '/home/sally/doingthis_again/install/arm_description/share/arm_description/package.bash'
[0.773s] INFO:colcon.colcon_core.shell:Creating package script '/home/sally/doingthis_again/install/arm_description/share/arm_description/package.zsh'
[0.774s] Level 1:colcon.colcon_core.environment:create_file_with_runtime_dependencies(/home/sally/doingthis_again/install/arm_description/share/colcon-core/packages/arm_description)
[0.776s] Level 1:colcon.colcon_core.environment:create_environment_scripts_only(assembly_controller)
[0.776s] Level 1:colcon.colcon_core.environment:checking '/home/sally/doingthis_again/install/assembly_controller' for CMake module files
[0.777s] DEBUG:colcon.colcon_core.event_handler.log_command:Invoked command in '/home/sally/doingthis_again/build/assembly_controller' returned '0': CMAKE_PREFIX_PATH=${CMAKE_PREFIX_PATH}:/opt/ros/humble /usr/bin/cmake --install /home/sally/doingthis_again/build/assembly_controller
[0.777s] Level 1:colcon.colcon_core.environment:checking '/home/sally/doingthis_again/install/assembly_controller' for CMake config files
[0.778s] Level 1:colcon.colcon_core.shell:create_environment_hook('assembly_controller', 'cmake_prefix_path')
[0.778s] INFO:colcon.colcon_core.shell:Creating environment hook '/home/sally/doingthis_again/install/assembly_controller/share/assembly_controller/hook/cmake_prefix_path.ps1'
[0.779s] INFO:colcon.colcon_core.shell:Creating environment descriptor '/home/sally/doingthis_again/install/assembly_controller/share/assembly_controller/hook/cmake_prefix_path.dsv'
[0.779s] INFO:colcon.colcon_core.shell:Creating environment hook '/home/sally/doingthis_again/install/assembly_controller/share/assembly_controller/hook/cmake_prefix_path.sh'
[0.780s] Level 1:colcon.colcon_core.environment:checking '/home/sally/doingthis_again/install/assembly_controller/bin'
[0.780s] Level 1:colcon.colcon_core.environment:checking '/home/sally/doingthis_again/install/assembly_controller/lib/pkgconfig/assembly_controller.pc'
[0.780s] Level 1:colcon.colcon_core.environment:checking '/home/sally/doingthis_again/install/assembly_controller/lib/python3.10/site-packages'
[0.780s] Level 1:colcon.colcon_core.environment:checking '/home/sally/doingthis_again/install/assembly_controller/bin'
[0.781s] INFO:colcon.colcon_core.shell:Creating package script '/home/sally/doingthis_again/install/assembly_controller/share/assembly_controller/package.ps1'
[0.781s] INFO:colcon.colcon_core.shell:Creating package descriptor '/home/sally/doingthis_again/install/assembly_controller/share/assembly_controller/package.dsv'
[0.782s] INFO:colcon.colcon_core.shell:Creating package script '/home/sally/doingthis_again/install/assembly_controller/share/assembly_controller/package.sh'
[0.782s] INFO:colcon.colcon_core.shell:Creating package script '/home/sally/doingthis_again/install/assembly_controller/share/assembly_controller/package.bash'
[0.783s] INFO:colcon.colcon_core.shell:Creating package script '/home/sally/doingthis_again/install/assembly_controller/share/assembly_controller/package.zsh'
[0.783s] Level 1:colcon.colcon_core.environment:create_file_with_runtime_dependencies(/home/sally/doingthis_again/install/assembly_controller/share/colcon-core/packages/assembly_controller)
[0.785s] Level 1:colcon.colcon_core.environment:create_environment_scripts_only(moveit_assembly)
[0.786s] Level 1:colcon.colcon_core.environment:checking '/home/sally/doingthis_again/install/moveit_assembly' for CMake module files
[0.787s] DEBUG:colcon.colcon_core.event_handler.log_command:Invoked command in '/home/sally/doingthis_again/build/moveit_assembly' returned '0': CMAKE_PREFIX_PATH=${CMAKE_PREFIX_PATH}:/opt/ros/humble /usr/bin/cmake --install /home/sally/doingthis_again/build/moveit_assembly
[0.788s] Level 1:colcon.colcon_core.environment:checking '/home/sally/doingthis_again/install/moveit_assembly' for CMake config files
[0.789s] Level 1:colcon.colcon_core.shell:create_environment_hook('moveit_assembly', 'cmake_prefix_path')
[0.789s] INFO:colcon.colcon_core.shell:Creating environment hook '/home/sally/doingthis_again/install/moveit_assembly/share/moveit_assembly/hook/cmake_prefix_path.ps1'
[0.790s] INFO:colcon.colcon_core.shell:Creating environment descriptor '/home/sally/doingthis_again/install/moveit_assembly/share/moveit_assembly/hook/cmake_prefix_path.dsv'
[0.791s] INFO:colcon.colcon_core.shell:Creating environment hook '/home/sally/doingthis_again/install/moveit_assembly/share/moveit_assembly/hook/cmake_prefix_path.sh'
[0.792s] Level 1:colcon.colcon_core.environment:checking '/home/sally/doingthis_again/install/moveit_assembly/bin'
[0.792s] Level 1:colcon.colcon_core.environment:checking '/home/sally/doingthis_again/install/moveit_assembly/lib/pkgconfig/moveit_assembly.pc'
[0.792s] Level 1:colcon.colcon_core.environment:checking '/home/sally/doingthis_again/install/moveit_assembly/lib/python3.10/site-packages'
[0.793s] Level 1:colcon.colcon_core.environment:checking '/home/sally/doingthis_again/install/moveit_assembly/bin'
[0.793s] INFO:colcon.colcon_core.shell:Creating package script '/home/sally/doingthis_again/install/moveit_assembly/share/moveit_assembly/package.ps1'
[0.794s] INFO:colcon.colcon_core.shell:Creating package descriptor '/home/sally/doingthis_again/install/moveit_assembly/share/moveit_assembly/package.dsv'
[0.794s] INFO:colcon.colcon_core.shell:Creating package script '/home/sally/doingthis_again/install/moveit_assembly/share/moveit_assembly/package.sh'
[0.795s] INFO:colcon.colcon_core.shell:Creating package script '/home/sally/doingthis_again/install/moveit_assembly/share/moveit_assembly/package.bash'
[0.795s] INFO:colcon.colcon_core.shell:Creating package script '/home/sally/doingthis_again/install/moveit_assembly/share/moveit_assembly/package.zsh'
[0.796s] Level 1:colcon.colcon_core.environment:create_file_with_runtime_dependencies(/home/sally/doingthis_again/install/moveit_assembly/share/colcon-core/packages/moveit_assembly)
[0.804s] Level 1:colcon.colcon_core.environment:create_environment_scripts_only(arm_description)
[0.805s] Level 1:colcon.colcon_core.environment:checking '/home/sally/doingthis_again/install/arm_description' for CMake module files
[0.806s] Level 1:colcon.colcon_core.environment:checking '/home/sally/doingthis_again/install/arm_description' for CMake config files
[0.806s] Level 1:colcon.colcon_core.shell:create_environment_hook('arm_description', 'cmake_prefix_path')
[0.806s] INFO:colcon.colcon_core.shell:Creating environment hook '/home/sally/doingthis_again/install/arm_description/share/arm_description/hook/cmake_prefix_path.ps1'
[0.807s] INFO:colcon.colcon_core.shell:Creating environment descriptor '/home/sally/doingthis_again/install/arm_description/share/arm_description/hook/cmake_prefix_path.dsv'
[0.807s] INFO:colcon.colcon_core.shell:Creating environment hook '/home/sally/doingthis_again/install/arm_description/share/arm_description/hook/cmake_prefix_path.sh'
[0.808s] Level 1:colcon.colcon_core.environment:checking '/home/sally/doingthis_again/install/arm_description/bin'
[0.808s] Level 1:colcon.colcon_core.environment:checking '/home/sally/doingthis_again/install/arm_description/lib/pkgconfig/arm_description.pc'
[0.809s] Level 1:colcon.colcon_core.environment:checking '/home/sally/doingthis_again/install/arm_description/lib/python3.10/site-packages'
[0.809s] Level 1:colcon.colcon_core.environment:checking '/home/sally/doingthis_again/install/arm_description/bin'
[0.809s] INFO:colcon.colcon_core.shell:Creating package script '/home/sally/doingthis_again/install/arm_description/share/arm_description/package.ps1'
[0.810s] INFO:colcon.colcon_core.shell:Creating package descriptor '/home/sally/doingthis_again/install/arm_description/share/arm_description/package.dsv'
[0.812s] INFO:colcon.colcon_core.shell:Creating package script '/home/sally/doingthis_again/install/arm_description/share/arm_description/package.sh'
[0.812s] INFO:colcon.colcon_core.shell:Creating package script '/home/sally/doingthis_again/install/arm_description/share/arm_description/package.bash'
[0.813s] INFO:colcon.colcon_core.shell:Creating package script '/home/sally/doingthis_again/install/arm_description/share/arm_description/package.zsh'
[0.813s] Level 1:colcon.colcon_core.environment:create_file_with_runtime_dependencies(/home/sally/doingthis_again/install/arm_description/share/colcon-core/packages/arm_description)
[0.815s] Level 1:colcon.colcon_core.environment:create_environment_scripts_only(assembly_controller)
[0.815s] Level 1:colcon.colcon_core.environment:checking '/home/sally/doingthis_again/install/assembly_controller' for CMake module files
[0.817s] Level 1:colcon.colcon_core.environment:checking '/home/sally/doingthis_again/install/assembly_controller' for CMake config files
[0.817s] Level 1:colcon.colcon_core.shell:create_environment_hook('assembly_controller', 'cmake_prefix_path')
[0.818s] INFO:colcon.colcon_core.shell:Creating environment hook '/home/sally/doingthis_again/install/assembly_controller/share/assembly_controller/hook/cmake_prefix_path.ps1'
[0.818s] INFO:colcon.colcon_core.shell:Creating environment descriptor '/home/sally/doingthis_again/install/assembly_controller/share/assembly_controller/hook/cmake_prefix_path.dsv'
[0.819s] INFO:colcon.colcon_core.shell:Creating environment hook '/home/sally/doingthis_again/install/assembly_controller/share/assembly_controller/hook/cmake_prefix_path.sh'
[0.820s] Level 1:colcon.colcon_core.environment:checking '/home/sally/doingthis_again/install/assembly_controller/bin'
[0.820s] Level 1:colcon.colcon_core.environment:checking '/home/sally/doingthis_again/install/assembly_controller/lib/pkgconfig/assembly_controller.pc'
[0.820s] Level 1:colcon.colcon_core.environment:checking '/home/sally/doingthis_again/install/assembly_controller/lib/python3.10/site-packages'
[0.820s] Level 1:colcon.colcon_core.environment:checking '/home/sally/doingthis_again/install/assembly_controller/bin'
[0.821s] INFO:colcon.colcon_core.shell:Creating package script '/home/sally/doingthis_again/install/assembly_controller/share/assembly_controller/package.ps1'
[0.822s] INFO:colcon.colcon_core.shell:Creating package descriptor '/home/sally/doingthis_again/install/assembly_controller/share/assembly_controller/package.dsv'
[0.822s] INFO:colcon.colcon_core.shell:Creating package script '/home/sally/doingthis_again/install/assembly_controller/share/assembly_controller/package.sh'
[0.823s] INFO:colcon.colcon_core.shell:Creating package script '/home/sally/doingthis_again/install/assembly_controller/share/assembly_controller/package.bash'
[0.823s] INFO:colcon.colcon_core.shell:Creating package script '/home/sally/doingthis_again/install/assembly_controller/share/assembly_controller/package.zsh'
[0.824s] Level 1:colcon.colcon_core.environment:create_file_with_runtime_dependencies(/home/sally/doingthis_again/install/assembly_controller/share/colcon-core/packages/assembly_controller)
[0.827s] Level 1:colcon.colcon_core.environment:create_environment_scripts_only(moveit_assembly)
[0.828s] Level 1:colcon.colcon_core.environment:checking '/home/sally/doingthis_again/install/moveit_assembly' for CMake module files
[0.829s] Level 1:colcon.colcon_core.environment:checking '/home/sally/doingthis_again/install/moveit_assembly' for CMake config files
[0.829s] Level 1:colcon.colcon_core.shell:create_environment_hook('moveit_assembly', 'cmake_prefix_path')
[0.830s] INFO:colcon.colcon_core.shell:Creating environment hook '/home/sally/doingthis_again/install/moveit_assembly/share/moveit_assembly/hook/cmake_prefix_path.ps1'
[0.831s] INFO:colcon.colcon_core.shell:Creating environment descriptor '/home/sally/doingthis_again/install/moveit_assembly/share/moveit_assembly/hook/cmake_prefix_path.dsv'
[0.831s] INFO:colcon.colcon_core.shell:Creating environment hook '/home/sally/doingthis_again/install/moveit_assembly/share/moveit_assembly/hook/cmake_prefix_path.sh'
[0.832s] Level 1:colcon.colcon_core.environment:checking '/home/sally/doingthis_again/install/moveit_assembly/bin'
[0.832s] Level 1:colcon.colcon_core.environment:checking '/home/sally/doingthis_again/install/moveit_assembly/lib/pkgconfig/moveit_assembly.pc'
[0.832s] Level 1:colcon.colcon_core.environment:checking '/home/sally/doingthis_again/install/moveit_assembly/lib/python3.10/site-packages'
[0.833s] Level 1:colcon.colcon_core.environment:checking '/home/sally/doingthis_again/install/moveit_assembly/bin'
[0.833s] INFO:colcon.colcon_core.shell:Creating package script '/home/sally/doingthis_again/install/moveit_assembly/share/moveit_assembly/package.ps1'
[0.834s] INFO:colcon.colcon_core.shell:Creating package descriptor '/home/sally/doingthis_again/install/moveit_assembly/share/moveit_assembly/package.dsv'
[0.834s] INFO:colcon.colcon_core.shell:Creating package script '/home/sally/doingthis_again/install/moveit_assembly/share/moveit_assembly/package.sh'
[0.835s] INFO:colcon.colcon_core.shell:Creating package script '/home/sally/doingthis_again/install/moveit_assembly/share/moveit_assembly/package.bash'
[0.835s] INFO:colcon.colcon_core.shell:Creating package script '/home/sally/doingthis_again/install/moveit_assembly/share/moveit_assembly/package.zsh'
[0.836s] Level 1:colcon.colcon_core.environment:create_file_with_runtime_dependencies(/home/sally/doingthis_again/install/moveit_assembly/share/colcon-core/packages/moveit_assembly)
[0.836s] DEBUG:colcon.colcon_parallel_executor.executor.parallel:closing loop
[0.836s] DEBUG:colcon.colcon_parallel_executor.executor.parallel:loop closed
[0.837s] DEBUG:colcon.colcon_parallel_executor.executor.parallel:run_until_complete finished with '0'
[0.837s] DEBUG:colcon.colcon_core.event_reactor:joining thread
[0.843s] INFO:colcon.colcon_core.plugin_system:Skipping extension 'colcon_notification.desktop_notification.terminal_notifier': Not used on non-Darwin systems
[0.843s] INFO:colcon.colcon_core.plugin_system:Skipping extension 'colcon_notification.desktop_notification.win32': Not used on non-Windows systems
[0.843s] INFO:colcon.colcon_notification.desktop_notification:Sending desktop notification using 'notify2'
[0.860s] DEBUG:colcon.colcon_core.event_reactor:joined thread
[0.861s] INFO:colcon.colcon_core.shell:Creating prefix script '/home/sally/doingthis_again/install/local_setup.ps1'
[0.862s] INFO:colcon.colcon_core.shell:Creating prefix util module '/home/sally/doingthis_again/install/_local_setup_util_ps1.py'
[0.864s] INFO:colcon.colcon_core.shell:Creating prefix chain script '/home/sally/doingthis_again/install/setup.ps1'
[0.865s] INFO:colcon.colcon_core.shell:Creating prefix script '/home/sally/doingthis_again/install/local_setup.sh'
[0.866s] INFO:colcon.colcon_core.shell:Creating prefix util module '/home/sally/doingthis_again/install/_local_setup_util_sh.py'
[0.867s] INFO:colcon.colcon_core.shell:Creating prefix chain script '/home/sally/doingthis_again/install/setup.sh'
[0.868s] INFO:colcon.colcon_core.shell:Creating prefix script '/home/sally/doingthis_again/install/local_setup.bash'
[0.869s] INFO:colcon.colcon_core.shell:Creating prefix chain script '/home/sally/doingthis_again/install/setup.bash'
[0.871s] INFO:colcon.colcon_core.shell:Creating prefix script '/home/sally/doingthis_again/install/local_setup.zsh'
[0.871s] INFO:colcon.colcon_core.shell:Creating prefix chain script '/home/sally/doingthis_again/install/setup.zsh'
