[0.374s] DEBUG:colcon:Command line arguments: ['/usr/bin/colcon', 'list', '-p', '--base-paths', '/home/sally/doingthis_again']
[0.374s] DEBUG:colcon:Parsed command line arguments: Namespace(log_base=None, log_level=None, verb_name='list', build_base='build', ignore_user_meta=False, metas=['./colcon.meta'], base_paths=['/home/sally/doingthis_again'], packages_ignore=None, packages_ignore_regex=None, paths=None, packages_up_to=None, packages_up_to_regex=None, packages_above=None, packages_above_and_dependencies=None, packages_above_depth=None, packages_select_by_dep=None, packages_skip_by_dep=None, packages_skip_up_to=None, packages_select_build_failed=False, packages_skip_build_finished=False, packages_select_test_failures=False, packages_skip_test_passed=False, packages_select=None, packages_skip=None, packages_select_regex=None, packages_skip_regex=None, packages_start=None, packages_end=None, allow_overriding=[], topological_order=False, names_only=False, paths_only=True, topological_graph=False, topological_graph_dot=False, topological_graph_density=False, topological_graph_legend=False, topological_graph_dot_cluster=False, topological_graph_dot_include_skipped=False, mixin_files=None, mixin=None, verb_parser=<colcon_mixin.mixin.mixin_argument.MixinArgumentDecorator object at 0x7772bae81510>, verb_extension=<colcon_package_information.verb.list.ListVerb object at 0x7772bae80580>, main=<bound method ListVerb.main of <colcon_package_information.verb.list.ListVerb object at 0x7772bae80580>>, mixin_verb=('list',))
[1.954s] Level 1:colcon.colcon_core.package_discovery:discover_packages(colcon_meta) check parameters
[1.955s] Level 1:colcon.colcon_core.package_discovery:discover_packages(recursive) check parameters
[1.955s] Level 1:colcon.colcon_core.package_discovery:discover_packages(ignore) check parameters
[1.955s] Level 1:colcon.colcon_core.package_discovery:discover_packages(path) check parameters
[1.955s] Level 1:colcon.colcon_core.package_discovery:discover_packages(recursive) discover
[1.955s] INFO:colcon.colcon_core.package_discovery:Crawling recursively for packages in '/home/sally/doingthis_again'
[1.955s] Level 1:colcon.colcon_core.package_identification:_identify(/home/sally/doingthis_again) by extensions ['ignore', 'ignore_ament_install']
[1.956s] Level 1:colcon.colcon_core.package_identification:_identify(/home/sally/doingthis_again) by extension 'ignore'
[1.956s] Level 1:colcon.colcon_core.package_identification:_identify(/home/sally/doingthis_again) by extension 'ignore_ament_install'
[1.956s] Level 1:colcon.colcon_core.package_identification:_identify(/home/sally/doingthis_again) by extensions ['colcon_pkg']
[1.956s] Level 1:colcon.colcon_core.package_identification:_identify(/home/sally/doingthis_again) by extension 'colcon_pkg'
[1.956s] Level 1:colcon.colcon_core.package_identification:_identify(/home/sally/doingthis_again) by extensions ['colcon_meta']
[1.957s] Level 1:colcon.colcon_core.package_identification:_identify(/home/sally/doingthis_again) by extension 'colcon_meta'
[1.957s] Level 1:colcon.colcon_core.package_identification:_identify(/home/sally/doingthis_again) by extensions ['ros']
[1.957s] Level 1:colcon.colcon_core.package_identification:_identify(/home/sally/doingthis_again) by extension 'ros'
[2.010s] Level 1:colcon.colcon_core.package_identification:_identify(/home/sally/doingthis_again) by extensions ['cmake', 'python']
[2.010s] Level 1:colcon.colcon_core.package_identification:_identify(/home/sally/doingthis_again) by extension 'cmake'
[2.011s] Level 1:colcon.colcon_core.package_identification:_identify(/home/sally/doingthis_again) by extension 'python'
[2.011s] Level 1:colcon.colcon_core.package_identification:_identify(/home/sally/doingthis_again) by extensions ['python_setup_py']
[2.011s] Level 1:colcon.colcon_core.package_identification:_identify(/home/sally/doingthis_again) by extension 'python_setup_py'
[2.011s] Level 1:colcon.colcon_core.package_identification:_identify(/home/sally/doingthis_again/log) by extensions ['ignore', 'ignore_ament_install']
[2.011s] Level 1:colcon.colcon_core.package_identification:_identify(/home/sally/doingthis_again/log) by extension 'ignore'
[2.012s] Level 1:colcon.colcon_core.package_identification:_identify(/home/sally/doingthis_again/log) ignored
[2.012s] Level 1:colcon.colcon_core.package_identification:_identify(/home/sally/doingthis_again/src) by extensions ['ignore', 'ignore_ament_install']
[2.012s] Level 1:colcon.colcon_core.package_identification:_identify(/home/sally/doingthis_again/src) by extension 'ignore'
[2.012s] Level 1:colcon.colcon_core.package_identification:_identify(/home/sally/doingthis_again/src) by extension 'ignore_ament_install'
[2.012s] Level 1:colcon.colcon_core.package_identification:_identify(/home/sally/doingthis_again/src) by extensions ['colcon_pkg']
[2.013s] Level 1:colcon.colcon_core.package_identification:_identify(/home/sally/doingthis_again/src) by extension 'colcon_pkg'
[2.013s] Level 1:colcon.colcon_core.package_identification:_identify(/home/sally/doingthis_again/src) by extensions ['colcon_meta']
[2.013s] Level 1:colcon.colcon_core.package_identification:_identify(/home/sally/doingthis_again/src) by extension 'colcon_meta'
[2.013s] Level 1:colcon.colcon_core.package_identification:_identify(/home/sally/doingthis_again/src) by extensions ['ros']
[2.013s] Level 1:colcon.colcon_core.package_identification:_identify(/home/sally/doingthis_again/src) by extension 'ros'
[2.013s] Level 1:colcon.colcon_core.package_identification:_identify(/home/sally/doingthis_again/src) by extensions ['cmake', 'python']
[2.013s] Level 1:colcon.colcon_core.package_identification:_identify(/home/sally/doingthis_again/src) by extension 'cmake'
[2.013s] Level 1:colcon.colcon_core.package_identification:_identify(/home/sally/doingthis_again/src) by extension 'python'
[2.014s] Level 1:colcon.colcon_core.package_identification:_identify(/home/sally/doingthis_again/src) by extensions ['python_setup_py']
[2.014s] Level 1:colcon.colcon_core.package_identification:_identify(/home/sally/doingthis_again/src) by extension 'python_setup_py'
[2.014s] Level 1:colcon.colcon_core.package_identification:_identify(/home/sally/doingthis_again/src/arm_description) by extensions ['ignore', 'ignore_ament_install']
[2.014s] Level 1:colcon.colcon_core.package_identification:_identify(/home/sally/doingthis_again/src/arm_description) by extension 'ignore'
[2.014s] Level 1:colcon.colcon_core.package_identification:_identify(/home/sally/doingthis_again/src/arm_description) by extension 'ignore_ament_install'
[2.014s] Level 1:colcon.colcon_core.package_identification:_identify(/home/sally/doingthis_again/src/arm_description) by extensions ['colcon_pkg']
[2.015s] Level 1:colcon.colcon_core.package_identification:_identify(/home/sally/doingthis_again/src/arm_description) by extension 'colcon_pkg'
[2.015s] Level 1:colcon.colcon_core.package_identification:_identify(/home/sally/doingthis_again/src/arm_description) by extensions ['colcon_meta']
[2.015s] Level 1:colcon.colcon_core.package_identification:_identify(/home/sally/doingthis_again/src/arm_description) by extension 'colcon_meta'
[2.015s] Level 1:colcon.colcon_core.package_identification:_identify(/home/sally/doingthis_again/src/arm_description) by extensions ['ros']
[2.015s] Level 1:colcon.colcon_core.package_identification:_identify(/home/sally/doingthis_again/src/arm_description) by extension 'ros'
[2.022s] DEBUG:colcon.colcon_core.package_identification:Package '/home/sally/doingthis_again/src/arm_description' with type 'ros.ament_cmake' and name 'arm_description'
[2.022s] Level 1:colcon.colcon_core.package_discovery:discover_packages(recursive) using defaults
