[0.024s] Invoking command in '/home/sally/doingthis_again/build/moveit_assembly': CMAKE_PREFIX_PATH=${CMAKE_PREFIX_PATH}:/opt/ros/humble /usr/bin/cmake /home/sally/doingthis_again/src/moveit_assembly -DCMAKE_INSTALL_PREFIX=/home/sally/doingthis_again/install/moveit_assembly
[0.123s] -- The C compiler identification is GNU 11.4.0
[0.214s] -- The CXX compiler identification is GNU 11.4.0
[0.223s] -- Detecting C compiler ABI info
[0.314s] -- Detecting C compiler ABI info - done
[0.341s] -- Check for working C compiler: /usr/bin/cc - skipped
[0.342s] -- Detecting C compile features
[0.343s] -- Detecting C compile features - done
[0.351s] -- Detecting CXX compiler ABI info
[0.457s] -- Detecting CXX compiler ABI info - done
[0.473s] -- Check for working CXX compiler: /usr/bin/c++ - skipped
[0.474s] -- Detecting CXX compile features
[0.475s] -- Detecting CXX compile features - done
[0.479s] -- Found ament_cmake: 1.3.10 (/opt/ros/humble/share/ament_cmake/cmake)
[0.719s] -- Found Python3: /usr/bin/python3 (found version "3.10.12") found components: Interpreter 
[0.894s] -- Found ament_lint_auto: 0.12.11 (/opt/ros/humble/share/ament_lint_auto/cmake)
[1.031s] -- Added test 'flake8' to check Python code syntax and style conventions
[1.032s] -- Added test 'lint_cmake' to check CMake code style
[1.034s] -- Added test 'pep257' to check Python code against some of the docstring style conventions in PEP 257
[1.036s] -- Added test 'xmllint' to check XML markup files
[1.039s] -- Configuring done
[1.044s] -- Generating done
[1.046s] -- Build files have been written to: /home/sally/doingthis_again/build/moveit_assembly
[1.053s] Invoked command in '/home/sally/doingthis_again/build/moveit_assembly' returned '0': CMAKE_PREFIX_PATH=${CMAKE_PREFIX_PATH}:/opt/ros/humble /usr/bin/cmake /home/sally/doingthis_again/src/moveit_assembly -DCMAKE_INSTALL_PREFIX=/home/sally/doingthis_again/install/moveit_assembly
[1.057s] Invoking command in '/home/sally/doingthis_again/build/moveit_assembly': CMAKE_PREFIX_PATH=${CMAKE_PREFIX_PATH}:/opt/ros/humble /usr/bin/cmake --build /home/sally/doingthis_again/build/moveit_assembly -- -j4 -l4
[1.105s] Invoked command in '/home/sally/doingthis_again/build/moveit_assembly' returned '0': CMAKE_PREFIX_PATH=${CMAKE_PREFIX_PATH}:/opt/ros/humble /usr/bin/cmake --build /home/sally/doingthis_again/build/moveit_assembly -- -j4 -l4
[1.137s] Invoking command in '/home/sally/doingthis_again/build/moveit_assembly': CMAKE_PREFIX_PATH=${CMAKE_PREFIX_PATH}:/opt/ros/humble /usr/bin/cmake --install /home/sally/doingthis_again/build/moveit_assembly
[1.146s] -- Install configuration: ""
[1.146s] -- Installing: /home/sally/doingthis_again/install/moveit_assembly/share/moveit_assembly/launch
[1.146s] -- Installing: /home/sally/doingthis_again/install/moveit_assembly/share/moveit_assembly/launch/robot_moveit.launch.py
[1.146s] -- Installing: /home/sally/doingthis_again/install/moveit_assembly/share/moveit_assembly/config
[1.146s] -- Installing: /home/sally/doingthis_again/install/moveit_assembly/share/moveit_assembly/config/moveit.rviz
[1.146s] -- Installing: /home/sally/doingthis_again/install/moveit_assembly/share/moveit_assembly/config/joint_limits.yaml
[1.147s] -- Installing: /home/sally/doingthis_again/install/moveit_assembly/share/moveit_assembly/config/kinematics.yaml
[1.147s] -- Installing: /home/sally/doingthis_again/install/moveit_assembly/share/moveit_assembly/config/moveit_controllers.yaml
[1.147s] -- Installing: /home/sally/doingthis_again/install/moveit_assembly/share/moveit_assembly/config/arm.srdf
[1.147s] -- Installing: /home/sally/doingthis_again/install/moveit_assembly/share/moveit_assembly/config/initial_positions.yaml
[1.147s] -- Installing: /home/sally/doingthis_again/install/moveit_assembly/share/moveit_assembly/config/pilz_cartesian_limits.yaml
[1.147s] -- Installing: /home/sally/doingthis_again/install/moveit_assembly/share/ament_index/resource_index/package_run_dependencies/moveit_assembly
[1.148s] -- Installing: /home/sally/doingthis_again/install/moveit_assembly/share/ament_index/resource_index/parent_prefix_path/moveit_assembly
[1.148s] -- Installing: /home/sally/doingthis_again/install/moveit_assembly/share/moveit_assembly/environment/ament_prefix_path.sh
[1.148s] -- Installing: /home/sally/doingthis_again/install/moveit_assembly/share/moveit_assembly/environment/ament_prefix_path.dsv
[1.148s] -- Installing: /home/sally/doingthis_again/install/moveit_assembly/share/moveit_assembly/environment/path.sh
[1.149s] -- Installing: /home/sally/doingthis_again/install/moveit_assembly/share/moveit_assembly/environment/path.dsv
[1.149s] -- Installing: /home/sally/doingthis_again/install/moveit_assembly/share/moveit_assembly/local_setup.bash
[1.149s] -- Installing: /home/sally/doingthis_again/install/moveit_assembly/share/moveit_assembly/local_setup.sh
[1.149s] -- Installing: /home/sally/doingthis_again/install/moveit_assembly/share/moveit_assembly/local_setup.zsh
[1.149s] -- Installing: /home/sally/doingthis_again/install/moveit_assembly/share/moveit_assembly/local_setup.dsv
[1.149s] -- Installing: /home/sally/doingthis_again/install/moveit_assembly/share/moveit_assembly/package.dsv
[1.150s] -- Installing: /home/sally/doingthis_again/install/moveit_assembly/share/ament_index/resource_index/packages/moveit_assembly
[1.150s] -- Installing: /home/sally/doingthis_again/install/moveit_assembly/share/moveit_assembly/cmake/moveit_assemblyConfig.cmake
[1.150s] -- Installing: /home/sally/doingthis_again/install/moveit_assembly/share/moveit_assembly/cmake/moveit_assemblyConfig-version.cmake
[1.150s] -- Installing: /home/sally/doingthis_again/install/moveit_assembly/share/moveit_assembly/package.xml
[1.156s] Invoked command in '/home/sally/doingthis_again/build/moveit_assembly' returned '0': CMAKE_PREFIX_PATH=${CMAKE_PREFIX_PATH}:/opt/ros/humble /usr/bin/cmake --install /home/sally/doingthis_again/build/moveit_assembly
